Using pre-set license
Built from '2020.3/staging' branch; Version is '2020.3.3f1 (76626098c1c4) revision 7758432'; Using compiler version '192528614'; Build Type 'Release'
OS: 'Windows 10 Pro; OS build 19042.1110; Version 2009; 64bit' Language: 'ru' Physical Memory: 8041 MB
BatchMode: 1, IsHumanControllingUs: 0, StartBugReporterOnCrash: 0, Is64bit: 1, IsPro: 0

 COMMAND LINE ARGUMENTS:
B:\Prog\Unity\2020.3.3f1\Editor\Unity.exe
-adb2
-batchMode
-noUpm
-name
AssetImportWorker15
-projectPath
B:/Repo_g/2dplatform
-logFile
Logs/AssetImportWorker15.log
-srvPort
50663
Successfully changed project path to: B:/Repo_g/2dplatform
B:/Repo_g/2dplatform
Using Asset Import Pipeline V2.
Refreshing native plugins compatible for Editor in 35.23 ms, found 1 plugins.
Preloading 0 native plugins for Editor in 0.00 ms.
Initialize engine version: 2020.3.3f1 (76626098c1c4)
[Subsystems] Discovering subsystems at path B:/Prog/Unity/2020.3.3f1/Editor/Data/Resources/UnitySubsystems
[Subsystems] Discovering subsystems at path B:/Repo_g/2dplatform/Assets
GfxDevice: creating device client; threaded=0
Direct3D:
    Version:  Direct3D 11.0 [level 11.1]
    Renderer: NVIDIA GeForce GTX 1050 Ti (ID=0x1c8c)
    Vendor:   
    VRAM:     4018 MB
    Driver:   27.21.14.5763
Initialize mono
Mono path[0] = 'B:/Prog/Unity/2020.3.3f1/Editor/Data/Managed'
Mono path[1] = 'B:/Prog/Unity/2020.3.3f1/Editor/Data/MonoBleedingEdge/lib/mono/unityjit'
Mono config path = 'B:/Prog/Unity/2020.3.3f1/Editor/Data/MonoBleedingEdge/etc'
Using monoOptions --debugger-agent=transport=dt_socket,embedding=1,server=y,suspend=n,address=127.0.0.1:56788
Begin MonoManager ReloadAssembly
Registering precompiled unity dll's ...
Register platform support module: B:/Prog/Unity/2020.3.3f1/Editor/Data/PlaybackEngines/WebGLSupport/UnityEditor.WebGL.Extensions.dll
Register platform support module: B:/Prog/Unity/2020.3.3f1/Editor/Data/PlaybackEngines/WindowsStandaloneSupport/UnityEditor.WindowsStandalone.Extensions.dll
Registered in 0.001368 seconds.
Native extension for WindowsStandalone target not found
Native extension for WebGL target not found
Refreshing native plugins compatible for Editor in 35.78 ms, found 1 plugins.
Preloading 0 native plugins for Editor in 0.00 ms.
Invoked RoslynAnalysisRunner static constructor.
RoslynAnalysisRunner will not be running.
RoslynAnalysisRunner has terminated.
Mono: successfully reloaded assembly
- Completed reload, in  1.711 seconds
Platform modules already initialized, skipping
Registering precompiled user dll's ...
Registered in 0.000840 seconds.
Begin MonoManager ReloadAssembly
Native extension for WindowsStandalone target not found
Native extension for WebGL target not found
Refreshing native plugins compatible for Editor in 34.63 ms, found 1 plugins.
Preloading 0 native plugins for Editor in 0.00 ms.
Invoked RoslynAnalysisRunner static constructor.
RoslynAnalysisRunner will not be running.
RoslynAnalysisRunner has terminated.
Mono: successfully reloaded assembly
- Completed reload, in  2.853 seconds
Platform modules already initialized, skipping
========================================================================
Worker process is ready to serve import requests
Launched and connected shader compiler UnityShaderCompiler.exe after 0.53 seconds
Refreshing native plugins compatible for Editor in 0.31 ms, found 1 plugins.
Preloading 0 native plugins for Editor in 0.00 ms.
Unloading 1834 Unused Serialized files (Serialized files now loaded: 0)
System memory in use before: 85.7 MB.
System memory in use after: 85.6 MB.

Unloading 24 unused Assets to reduce memory usage. Loaded Objects now: 2278.
Total: 171.136800 ms (FindLiveObjects: 0.158500 ms CreateObjectMapping: 0.057300 ms MarkObjects: 162.870600 ms  DeleteObjects: 8.048400 ms)

========================================================================
Received Import Request.
  path: Assets/Scripts/test.cs
  artifactKey: Guid(2d21dc88e6c36c740b8c2141fc1a255c) Importer(815301076,1909f56bfc062723c751e8b465ee728b)
Start importing Assets/Scripts/test.cs using Guid(2d21dc88e6c36c740b8c2141fc1a255c) Importer(815301076,1909f56bfc062723c751e8b465ee728b)  -> (artifact id: 'a623c58b67720645dc680de446de51ca') in 0.350857 seconds
  Import took 0.413370 seconds .

========================================================================
Received Import Request.
  Time since last request: 159.808714 seconds.
  path: Assets/Scripts/test.cs
  artifactKey: Guid(2d21dc88e6c36c740b8c2141fc1a255c) Importer(815301076,1909f56bfc062723c751e8b465ee728b)
Start importing Assets/Scripts/test.cs using Guid(2d21dc88e6c36c740b8c2141fc1a255c) Importer(815301076,1909f56bfc062723c751e8b465ee728b)  -> (artifact id: '0e19da117607aa5689eb92dba8135935') in 0.014287 seconds
  Import took 0.067735 seconds .

========================================================================
Received Import Request.
  Time since last request: 34.756268 seconds.
  path: Assets/Scripts/test.cs
  artifactKey: Guid(2d21dc88e6c36c740b8c2141fc1a255c) Importer(815301076,1909f56bfc062723c751e8b465ee728b)
Start importing Assets/Scripts/test.cs using Guid(2d21dc88e6c36c740b8c2141fc1a255c) Importer(815301076,1909f56bfc062723c751e8b465ee728b)  -> (artifact id: 'c8790a3a9e0fc238e88353adbf044a11') in 0.022018 seconds
  Import took 0.048231 seconds .

========================================================================
Received Import Request.
  Time since last request: 443.259476 seconds.
  path: Assets/Scripts/test.cs
  artifactKey: Guid(2d21dc88e6c36c740b8c2141fc1a255c) Importer(815301076,1909f56bfc062723c751e8b465ee728b)
Start importing Assets/Scripts/test.cs using Guid(2d21dc88e6c36c740b8c2141fc1a255c) Importer(815301076,1909f56bfc062723c751e8b465ee728b)  -> (artifact id: '022628143c4eea24d2c6a939cd2a4c83') in 0.015260 seconds
  Import took 0.059417 seconds .

========================================================================
Received Import Request.
  Time since last request: 39.216917 seconds.
  path: Assets/Scripts/test.cs
  artifactKey: Guid(2d21dc88e6c36c740b8c2141fc1a255c) Importer(815301076,1909f56bfc062723c751e8b465ee728b)
Start importing Assets/Scripts/test.cs using Guid(2d21dc88e6c36c740b8c2141fc1a255c) Importer(815301076,1909f56bfc062723c751e8b465ee728b)  -> (artifact id: '694e05527bce3e58c7f48680577bf531') in 0.045452 seconds
  Import took 0.091802 seconds .

========================================================================
Received Import Request.
  Time since last request: 54286.174114 seconds.
  path: Assets/save.dat
  artifactKey: Guid(61a75462eeafe044d8fd7a66442956ea) Importer(815301076,1909f56bfc062723c751e8b465ee728b)
Start importing Assets/save.dat using Guid(61a75462eeafe044d8fd7a66442956ea) Importer(815301076,1909f56bfc062723c751e8b465ee728b)  -> (artifact id: 'f5afbbf61627ae107acde11390519e84') in 0.791428 seconds
  Import took 1.004716 seconds .

========================================================================
Received Import Request.
  Time since last request: 77.705147 seconds.
  path: Assets/Scripts/NewAssembly.asmdef
  artifactKey: Guid(5a81ed6c2c4030c498341ce2a4544f25) Importer(815301076,1909f56bfc062723c751e8b465ee728b)
Start importing Assets/Scripts/NewAssembly.asmdef using Guid(5a81ed6c2c4030c498341ce2a4544f25) Importer(815301076,1909f56bfc062723c751e8b465ee728b)  -> (artifact id: 'b0b92b2da1c11b45be1b24ec4e7a39ed') in 0.157544 seconds
  Import took 0.206539 seconds .

========================================================================
Received Import Request.
  Time since last request: 0.264520 seconds.
  path: Assets/Scripts/NewAssembly.asmdef
  artifactKey: Guid(5a81ed6c2c4030c498341ce2a4544f25) Importer(815301076,1909f56bfc062723c751e8b465ee728b)
Start importing Assets/Scripts/NewAssembly.asmdef using Guid(5a81ed6c2c4030c498341ce2a4544f25) Importer(815301076,1909f56bfc062723c751e8b465ee728b)  -> (artifact id: 'b0b92b2da1c11b45be1b24ec4e7a39ed') in 0.005041 seconds
  Import took 0.114440 seconds .

========================================================================
Received Import Request.
  Time since last request: 878.098269 seconds.
  path: Assets/Scripts/test2.cs
  artifactKey: Guid(7ae7bf9f0abcc8e42af6ec2e3788edb9) Importer(815301076,1909f56bfc062723c751e8b465ee728b)
Start importing Assets/Scripts/test2.cs using Guid(7ae7bf9f0abcc8e42af6ec2e3788edb9) Importer(815301076,1909f56bfc062723c751e8b465ee728b)  -> (artifact id: '17fccab2c9816c64fda07f037baa9937') in 0.084593 seconds
  Import took 0.114690 seconds .

========================================================================
Received Import Request.
  Time since last request: 11.977445 seconds.
  path: Assets/Scripts/BinarySerializer.cs
  artifactKey: Guid(7aaf0d3ed0db0eb41962fca06e345850) Importer(815301076,1909f56bfc062723c751e8b465ee728b)
Start importing Assets/Scripts/BinarySerializer.cs using Guid(7aaf0d3ed0db0eb41962fca06e345850) Importer(815301076,1909f56bfc062723c751e8b465ee728b)  -> (artifact id: '13e5b976bde8d82cb561650a3e2b25f3') in 0.059368 seconds
  Import took 0.102360 seconds .

========================================================================
Received Import Request.
  Time since last request: 4.863854 seconds.
  path: Assets/Scripts/LevelController.cs
  artifactKey: Guid(ddf4269e4e39c2f4eb14a060b7d82af4) Importer(815301076,1909f56bfc062723c751e8b465ee728b)
Start importing Assets/Scripts/LevelController.cs using Guid(ddf4269e4e39c2f4eb14a060b7d82af4) Importer(815301076,1909f56bfc062723c751e8b465ee728b)  -> (artifact id: '7704d6e559359db18fa6dbe60dfa5f18') in 0.049353 seconds
  Import took 0.098668 seconds .

========================================================================
Received Import Request.
  Time since last request: 4.709151 seconds.
  path: Assets/Scripts/ButtonController.cs
  artifactKey: Guid(23fde0a67fe8c4c419cd7e2e5ac45d17) Importer(815301076,1909f56bfc062723c751e8b465ee728b)
Start importing Assets/Scripts/ButtonController.cs using Guid(23fde0a67fe8c4c419cd7e2e5ac45d17) Importer(815301076,1909f56bfc062723c751e8b465ee728b)  -> (artifact id: 'c63166e9176b44f0b3edf8c0ae78b7af') in 0.115702 seconds
  Import took 0.168845 seconds .

========================================================================
Received Import Request.
  Time since last request: 0.476500 seconds.
  path: Assets/Scripts/test.cs
  artifactKey: Guid(2d21dc88e6c36c740b8c2141fc1a255c) Importer(815301076,1909f56bfc062723c751e8b465ee728b)
Start importing Assets/Scripts/test.cs using Guid(2d21dc88e6c36c740b8c2141fc1a255c) Importer(815301076,1909f56bfc062723c751e8b465ee728b)  -> (artifact id: 'dfd88f33b96df9f58f800099914b69dd') in 0.072336 seconds
  Import took 0.170380 seconds .

========================================================================
Received Prepare
Registering precompiled user dll's ...
Registered in 0.061342 seconds.
Begin MonoManager ReloadAssembly
Native extension for WindowsStandalone target not found
Native extension for WebGL target not found
Refreshing native plugins compatible for Editor in 0.41 ms, found 1 plugins.
Preloading 0 native plugins for Editor in 0.00 ms.
Invoked RoslynAnalysisRunner static constructor.
RoslynAnalysisRunner will not be running.
RoslynAnalysisRunner has terminated.
Mono: successfully reloaded assembly
- Completed reload, in  1.071 seconds
Platform modules already initialized, skipping
Refreshing native plugins compatible for Editor in 0.31 ms, found 1 plugins.
Preloading 0 native plugins for Editor in 0.00 ms.
Unloading 1826 Unused Serialized files (Serialized files now loaded: 0)
System memory in use before: 85.6 MB.
System memory in use after: 85.6 MB.

Unloading 15 unused Assets to reduce memory usage. Loaded Objects now: 2279.
Total: 108.565800 ms (FindLiveObjects: 11.351300 ms CreateObjectMapping: 0.136200 ms MarkObjects: 96.831000 ms  DeleteObjects: 0.244900 ms)

========================================================================
Received Prepare
Registering precompiled user dll's ...
Registered in 0.000964 seconds.
Begin MonoManager ReloadAssembly
Native extension for WindowsStandalone target not found
Native extension for WebGL target not found
Refreshing native plugins compatible for Editor in 0.36 ms, found 1 plugins.
Preloading 0 native plugins for Editor in 0.00 ms.
Invoked RoslynAnalysisRunner static constructor.
RoslynAnalysisRunner will not be running.
RoslynAnalysisRunner has terminated.
Mono: successfully reloaded assembly
- Completed reload, in  0.754 seconds
Platform modules already initialized, skipping
Refreshing native plugins compatible for Editor in 0.37 ms, found 1 plugins.
Preloading 0 native plugins for Editor in 0.00 ms.
Unloading 1826 Unused Serialized files (Serialized files now loaded: 0)
System memory in use before: 85.6 MB.
System memory in use after: 85.6 MB.

Unloading 12 unused Assets to reduce memory usage. Loaded Objects now: 2283.
Total: 3.253600 ms (FindLiveObjects: 0.429800 ms CreateObjectMapping: 0.151700 ms MarkObjects: 2.529200 ms  DeleteObjects: 0.141400 ms)

========================================================================
Received Prepare
Registering precompiled user dll's ...
Registered in 0.002348 seconds.
Begin MonoManager ReloadAssembly
Native extension for WindowsStandalone target not found
Native extension for WebGL target not found
Refreshing native plugins compatible for Editor in 0.58 ms, found 1 plugins.
Preloading 0 native plugins for Editor in 0.00 ms.
Invoked RoslynAnalysisRunner static constructor.
RoslynAnalysisRunner will not be running.
RoslynAnalysisRunner has terminated.
Mono: successfully reloaded assembly
- Completed reload, in  1.234 seconds
Platform modules already initialized, skipping
Refreshing native plugins compatible for Editor in 0.36 ms, found 1 plugins.
Preloading 0 native plugins for Editor in 0.00 ms.
Unloading 1828 Unused Serialized files (Serialized files now loaded: 0)
System memory in use before: 85.8 MB.
System memory in use after: 85.8 MB.

Unloading 14 unused Assets to reduce memory usage. Loaded Objects now: 2287.
Total: 2.375600 ms (FindLiveObjects: 0.357600 ms CreateObjectMapping: 0.120100 ms MarkObjects: 1.779800 ms  DeleteObjects: 0.116300 ms)

========================================================================
Received Prepare
Registering precompiled user dll's ...
Registered in 0.001649 seconds.
Begin MonoManager ReloadAssembly
Native extension for WindowsStandalone target not found
Native extension for WebGL target not found
Refreshing native plugins compatible for Editor in 0.86 ms, found 1 plugins.
Preloading 0 native plugins for Editor in 0.00 ms.
Invoked RoslynAnalysisRunner static constructor.
RoslynAnalysisRunner will not be running.
RoslynAnalysisRunner has terminated.
Mono: successfully reloaded assembly
- Completed reload, in  0.930 seconds
Platform modules already initialized, skipping
Refreshing native plugins compatible for Editor in 0.42 ms, found 1 plugins.
Preloading 0 native plugins for Editor in 0.00 ms.
Unloading 1828 Unused Serialized files (Serialized files now loaded: 0)
System memory in use before: 85.8 MB.
System memory in use after: 85.8 MB.

Unloading 14 unused Assets to reduce memory usage. Loaded Objects now: 2291.
Total: 2.662700 ms (FindLiveObjects: 0.263100 ms CreateObjectMapping: 0.121600 ms MarkObjects: 2.156900 ms  DeleteObjects: 0.119100 ms)

========================================================================
Received Prepare
Registering precompiled user dll's ...
Registered in 0.001590 seconds.
Begin MonoManager ReloadAssembly
Native extension for WindowsStandalone target not found
Native extension for WebGL target not found
Refreshing native plugins compatible for Editor in 0.65 ms, found 1 plugins.
Preloading 0 native plugins for Editor in 0.00 ms.
Invoked RoslynAnalysisRunner static constructor.
RoslynAnalysisRunner will not be running.
RoslynAnalysisRunner has terminated.
Mono: successfully reloaded assembly
- Completed reload, in  0.874 seconds
Platform modules already initialized, skipping
Refreshing native plugins compatible for Editor in 0.38 ms, found 1 plugins.
Preloading 0 native plugins for Editor in 0.00 ms.
Unloading 1828 Unused Serialized files (Serialized files now loaded: 0)
System memory in use before: 85.8 MB.
System memory in use after: 85.8 MB.

Unloading 14 unused Assets to reduce memory usage. Loaded Objects now: 2295.
Total: 1.989600 ms (FindLiveObjects: 0.249500 ms CreateObjectMapping: 0.093200 ms MarkObjects: 1.545100 ms  DeleteObjects: 0.100800 ms)

========================================================================
Received Import Request.
  Time since last request: 5804.458945 seconds.
  path: Assets/Scenes/SampleScene.unity
  artifactKey: Guid(2cda990e2423bbf4892e6590ba056729) Importer(815301076,1909f56bfc062723c751e8b465ee728b)
Start importing Assets/Scenes/SampleScene.unity using Guid(2cda990e2423bbf4892e6590ba056729) Importer(815301076,1909f56bfc062723c751e8b465ee728b)  -> (artifact id: '1a5a3e5dd3abe219501e3a3af5f41037') in 0.595883 seconds
  Import took 0.865659 seconds .

========================================================================
Received Prepare
Registering precompiled user dll's ...
Registered in 0.052598 seconds.
Begin MonoManager ReloadAssembly
Native extension for WindowsStandalone target not found
Native extension for WebGL target not found
Refreshing native plugins compatible for Editor in 0.52 ms, found 1 plugins.
Preloading 0 native plugins for Editor in 0.00 ms.
Invoked RoslynAnalysisRunner static constructor.
RoslynAnalysisRunner will not be running.
RoslynAnalysisRunner has terminated.
Mono: successfully reloaded assembly
- Completed reload, in  1.518 seconds
Platform modules already initialized, skipping
Refreshing native plugins compatible for Editor in 0.85 ms, found 1 plugins.
Preloading 0 native plugins for Editor in 0.00 ms.
Unloading 1828 Unused Serialized files (Serialized files now loaded: 0)
System memory in use before: 85.8 MB.
System memory in use after: 85.7 MB.

Unloading 14 unused Assets to reduce memory usage. Loaded Objects now: 2299.
Total: 3.583300 ms (FindLiveObjects: 0.236400 ms CreateObjectMapping: 0.071200 ms MarkObjects: 2.952600 ms  DeleteObjects: 0.321600 ms)

========================================================================
Received Import Request.
  Time since last request: 230.411095 seconds.
  path: Assets/Scenes/MainMenu.unity
  artifactKey: Guid(981ce2fc358cf5f49bf0051f4c345f9d) Importer(815301076,1909f56bfc062723c751e8b465ee728b)
Start importing Assets/Scenes/MainMenu.unity using Guid(981ce2fc358cf5f49bf0051f4c345f9d) Importer(815301076,1909f56bfc062723c751e8b465ee728b)  -> (artifact id: '0ea9b02cd03acbc44bad69d647e10b6c') in 0.038947 seconds
  Import took 0.082365 seconds .

========================================================================
Received Prepare
Registering precompiled user dll's ...
Registered in 0.002149 seconds.
Begin MonoManager ReloadAssembly
Native extension for WindowsStandalone target not found
Native extension for WebGL target not found
Refreshing native plugins compatible for Editor in 0.45 ms, found 1 plugins.
Preloading 0 native plugins for Editor in 0.00 ms.
Invoked RoslynAnalysisRunner static constructor.
RoslynAnalysisRunner will not be running.
RoslynAnalysisRunner has terminated.
Mono: successfully reloaded assembly
- Completed reload, in  0.912 seconds
Platform modules already initialized, skipping
Refreshing native plugins compatible for Editor in 0.35 ms, found 1 plugins.
Preloading 0 native plugins for Editor in 0.00 ms.
Unloading 1828 Unused Serialized files (Serialized files now loaded: 0)
System memory in use before: 85.8 MB.
System memory in use after: 85.7 MB.

Unloading 14 unused Assets to reduce memory usage. Loaded Objects now: 2303.
Total: 1.887400 ms (FindLiveObjects: 0.186000 ms CreateObjectMapping: 0.064200 ms MarkObjects: 1.536000 ms  DeleteObjects: 0.100400 ms)

AssetImportWorkerClient::OnTransportError - code=2 error=End of file
