Using pre-set license
Built from '2020.3/staging' branch; Version is '2020.3.3f1 (76626098c1c4) revision 7758432'; Using compiler version '192528614'; Build Type 'Release'
OS: 'Windows 10 Home Single Language; OS build 19043.1110; Version 2009; 64bit' Language: 'ru' Physical Memory: 16261 MB
BatchMode: 1, IsHumanControllingUs: 0, StartBugReporterOnCrash: 0, Is64bit: 1, IsPro: 0

 COMMAND LINE ARGUMENTS:
C:\Program Files\Unity\Hub\Editor\2020.3.3f1\Editor\Unity.exe
-adb2
-batchMode
-noUpm
-name
AssetImportWorker0
-projectPath
C:/Users/maksi/Desktop/Штучки/Проекты/2D_Platformer
-logFile
Logs/AssetImportWorker0.log
-srvPort
58226
Successfully changed project path to: C:/Users/maksi/Desktop/Штучки/Проекты/2D_Platformer
C:/Users/maksi/Desktop/Штучки/Проекты/2D_Platformer
Using Asset Import Pipeline V2.
Refreshing native plugins compatible for Editor in 58.38 ms, found 1 plugins.
Preloading 0 native plugins for Editor in 0.00 ms.
Initialize engine version: 2020.3.3f1 (76626098c1c4)
[Subsystems] Discovering subsystems at path C:/Program Files/Unity/Hub/Editor/2020.3.3f1/Editor/Data/Resources/UnitySubsystems
[Subsystems] Discovering subsystems at path C:/Users/maksi/Desktop/Штучки/Проекты/2D_Platformer/Assets
GfxDevice: creating device client; threaded=0
Direct3D:
    Version:  Direct3D 11.0 [level 11.1]
    Renderer: NVIDIA GeForce RTX 2070 with Max-Q Design (ID=0x1f10)
    Vendor:   
    VRAM:     8031 MB
    Driver:   27.21.14.6280
Initialize mono
Mono path[0] = 'C:/Program Files/Unity/Hub/Editor/2020.3.3f1/Editor/Data/Managed'
Mono path[1] = 'C:/Program Files/Unity/Hub/Editor/2020.3.3f1/Editor/Data/MonoBleedingEdge/lib/mono/unityjit'
Mono config path = 'C:/Program Files/Unity/Hub/Editor/2020.3.3f1/Editor/Data/MonoBleedingEdge/etc'
Using monoOptions --debugger-agent=transport=dt_socket,embedding=1,server=y,suspend=n,address=127.0.0.1:56312
Begin MonoManager ReloadAssembly
Registering precompiled unity dll's ...
Register platform support module: C:/Program Files/Unity/Hub/Editor/2020.3.3f1/Editor/Data/PlaybackEngines/WindowsStandaloneSupport/UnityEditor.WindowsStandalone.Extensions.dll
Registered in 0.004671 seconds.
Native extension for WindowsStandalone target not found
Refreshing native plugins compatible for Editor in 55.99 ms, found 1 plugins.
Preloading 0 native plugins for Editor in 0.00 ms.
Invoked RoslynAnalysisRunner static constructor.
RoslynAnalysisRunner will not be running.
RoslynAnalysisRunner has terminated.
Mono: successfully reloaded assembly
- Completed reload, in  3.269 seconds
Platform modules already initialized, skipping
Registering precompiled user dll's ...
Registered in 0.001962 seconds.
Begin MonoManager ReloadAssembly
Native extension for WindowsStandalone target not found
Refreshing native plugins compatible for Editor in 107.54 ms, found 1 plugins.
Preloading 0 native plugins for Editor in 0.00 ms.
Invoked RoslynAnalysisRunner static constructor.
RoslynAnalysisRunner will not be running.
RoslynAnalysisRunner has terminated.
Mono: successfully reloaded assembly
- Completed reload, in  2.069 seconds
Platform modules already initialized, skipping
========================================================================
Worker process is ready to serve import requests
Launched and connected shader compiler UnityShaderCompiler.exe after 0.08 seconds
Refreshing native plugins compatible for Editor in 0.45 ms, found 1 plugins.
Preloading 0 native plugins for Editor in 0.00 ms.
Unloading 1828 Unused Serialized files (Serialized files now loaded: 0)
System memory in use before: 85.5 MB.
System memory in use after: 85.4 MB.

Unloading 24 unused Assets to reduce memory usage. Loaded Objects now: 2272.
Total: 4.055000 ms (FindLiveObjects: 0.472800 ms CreateObjectMapping: 0.206400 ms MarkObjects: 3.002400 ms  DeleteObjects: 0.370400 ms)

========================================================================
Received Import Request.
  path: Assets/Scripts/Monsters/Archer.cs
  artifactKey: Guid(af531455de64884458a7da750cada3ff) Importer(815301076,1909f56bfc062723c751e8b465ee728b)
Start importing Assets/Scripts/Monsters/Archer.cs using Guid(af531455de64884458a7da750cada3ff) Importer(815301076,1909f56bfc062723c751e8b465ee728b)  -> (artifact id: 'db7a783fd39bbcff96bdb662e4f6d0de') in 0.070101 seconds
  Import took 0.076237 seconds .

========================================================================
Received Import Request.
  Time since last request: 16.239715 seconds.
  path: Assets/Scripts/Monsters/Archer.cs
  artifactKey: Guid(af531455de64884458a7da750cada3ff) Importer(815301076,1909f56bfc062723c751e8b465ee728b)
Start importing Assets/Scripts/Monsters/Archer.cs using Guid(af531455de64884458a7da750cada3ff) Importer(815301076,1909f56bfc062723c751e8b465ee728b)  -> (artifact id: 'caa5550d9696c48b48c5e8e30627432a') in 0.004089 seconds
  Import took 0.008381 seconds .

========================================================================
Received Import Request.
  Time since last request: 0.003728 seconds.
  path: Assets/Scripts/Monsters/Archer.cs
  artifactKey: Guid(af531455de64884458a7da750cada3ff) Importer(815301076,1909f56bfc062723c751e8b465ee728b)
Start importing Assets/Scripts/Monsters/Archer.cs using Guid(af531455de64884458a7da750cada3ff) Importer(815301076,1909f56bfc062723c751e8b465ee728b)  -> (artifact id: 'caa5550d9696c48b48c5e8e30627432a') in 0.004077 seconds
  Import took 0.008412 seconds .

========================================================================
Received Import Request.
  Time since last request: 34.865907 seconds.
  path: Assets/Scripts/Monsters/Archer.cs
  artifactKey: Guid(af531455de64884458a7da750cada3ff) Importer(815301076,1909f56bfc062723c751e8b465ee728b)
Start importing Assets/Scripts/Monsters/Archer.cs using Guid(af531455de64884458a7da750cada3ff) Importer(815301076,1909f56bfc062723c751e8b465ee728b)  -> (artifact id: 'bfb4805f285591c847b50ec3268d3540') in 0.003353 seconds
  Import took 0.007700 seconds .

========================================================================
Received Import Request.
  Time since last request: 0.003863 seconds.
  path: Assets/Scripts/Monsters/Archer.cs
  artifactKey: Guid(af531455de64884458a7da750cada3ff) Importer(815301076,1909f56bfc062723c751e8b465ee728b)
Start importing Assets/Scripts/Monsters/Archer.cs using Guid(af531455de64884458a7da750cada3ff) Importer(815301076,1909f56bfc062723c751e8b465ee728b)  -> (artifact id: 'bfb4805f285591c847b50ec3268d3540') in 0.004894 seconds
  Import took 0.010592 seconds .

========================================================================
Received Import Request.
  Time since last request: 8.996853 seconds.
  path: Assets/Scripts/Monsters/Archer.cs
  artifactKey: Guid(af531455de64884458a7da750cada3ff) Importer(815301076,1909f56bfc062723c751e8b465ee728b)
Start importing Assets/Scripts/Monsters/Archer.cs using Guid(af531455de64884458a7da750cada3ff) Importer(815301076,1909f56bfc062723c751e8b465ee728b)  -> (artifact id: 'f252c3b575a386f24a07209f32bcbe53') in 0.003941 seconds
  Import took 0.008446 seconds .

========================================================================
Received Import Request.
  Time since last request: 0.003162 seconds.
  path: Assets/Scripts/Monsters/Archer.cs
  artifactKey: Guid(af531455de64884458a7da750cada3ff) Importer(815301076,1909f56bfc062723c751e8b465ee728b)
Start importing Assets/Scripts/Monsters/Archer.cs using Guid(af531455de64884458a7da750cada3ff) Importer(815301076,1909f56bfc062723c751e8b465ee728b)  -> (artifact id: 'f252c3b575a386f24a07209f32bcbe53') in 0.003914 seconds
  Import took 0.008940 seconds .

========================================================================
Received Prepare
Registering precompiled user dll's ...
Registered in 0.001385 seconds.
Begin MonoManager ReloadAssembly
Native extension for WindowsStandalone target not found
Refreshing native plugins compatible for Editor in 0.44 ms, found 1 plugins.
Preloading 0 native plugins for Editor in 0.00 ms.
Invoked RoslynAnalysisRunner static constructor.
RoslynAnalysisRunner will not be running.
RoslynAnalysisRunner has terminated.
Mono: successfully reloaded assembly
- Completed reload, in  1.481 seconds
Platform modules already initialized, skipping
Refreshing native plugins compatible for Editor in 0.43 ms, found 1 plugins.
Preloading 0 native plugins for Editor in 0.00 ms.
Unloading 1823 Unused Serialized files (Serialized files now loaded: 0)
System memory in use before: 85.4 MB.
System memory in use after: 85.4 MB.

Unloading 12 unused Assets to reduce memory usage. Loaded Objects now: 2276.
Total: 3.975800 ms (FindLiveObjects: 0.351200 ms CreateObjectMapping: 0.133500 ms MarkObjects: 3.352100 ms  DeleteObjects: 0.137000 ms)

========================================================================
Received Prepare
Registering precompiled user dll's ...
Registered in 0.002161 seconds.
Begin MonoManager ReloadAssembly
Native extension for WindowsStandalone target not found
Refreshing native plugins compatible for Editor in 0.83 ms, found 1 plugins.
Preloading 0 native plugins for Editor in 0.00 ms.
Invoked RoslynAnalysisRunner static constructor.
RoslynAnalysisRunner will not be running.
RoslynAnalysisRunner has terminated.
Mono: successfully reloaded assembly
- Completed reload, in  1.737 seconds
Platform modules already initialized, skipping
Refreshing native plugins compatible for Editor in 0.42 ms, found 1 plugins.
Preloading 0 native plugins for Editor in 0.00 ms.
Unloading 1823 Unused Serialized files (Serialized files now loaded: 0)
System memory in use before: 85.5 MB.
System memory in use after: 85.4 MB.

Unloading 12 unused Assets to reduce memory usage. Loaded Objects now: 2280.
Total: 3.534200 ms (FindLiveObjects: 0.373600 ms CreateObjectMapping: 0.154700 ms MarkObjects: 2.747400 ms  DeleteObjects: 0.255900 ms)

========================================================================
Received Prepare
Registering precompiled user dll's ...
Registered in 0.001406 seconds.
Begin MonoManager ReloadAssembly
Native extension for WindowsStandalone target not found
Refreshing native plugins compatible for Editor in 0.80 ms, found 1 plugins.
Preloading 0 native plugins for Editor in 0.00 ms.
Invoked RoslynAnalysisRunner static constructor.
RoslynAnalysisRunner will not be running.
RoslynAnalysisRunner has terminated.
Mono: successfully reloaded assembly
- Completed reload, in  1.576 seconds
Platform modules already initialized, skipping
Refreshing native plugins compatible for Editor in 0.46 ms, found 1 plugins.
Preloading 0 native plugins for Editor in 0.00 ms.
Unloading 1823 Unused Serialized files (Serialized files now loaded: 0)
System memory in use before: 85.5 MB.
System memory in use after: 85.5 MB.

Unloading 12 unused Assets to reduce memory usage. Loaded Objects now: 2284.
Total: 2.965700 ms (FindLiveObjects: 0.327600 ms CreateObjectMapping: 0.101200 ms MarkObjects: 2.395300 ms  DeleteObjects: 0.139400 ms)

========================================================================
Received Prepare
Registering precompiled user dll's ...
Registered in 0.001374 seconds.
Begin MonoManager ReloadAssembly
Native extension for WindowsStandalone target not found
Refreshing native plugins compatible for Editor in 0.46 ms, found 1 plugins.
Preloading 0 native plugins for Editor in 0.00 ms.
Invoked RoslynAnalysisRunner static constructor.
RoslynAnalysisRunner will not be running.
RoslynAnalysisRunner has terminated.
Mono: successfully reloaded assembly
- Completed reload, in  1.516 seconds
Platform modules already initialized, skipping
Refreshing native plugins compatible for Editor in 0.44 ms, found 1 plugins.
Preloading 0 native plugins for Editor in 0.00 ms.
Unloading 1823 Unused Serialized files (Serialized files now loaded: 0)
System memory in use before: 85.5 MB.
System memory in use after: 85.4 MB.

Unloading 12 unused Assets to reduce memory usage. Loaded Objects now: 2288.
Total: 2.816200 ms (FindLiveObjects: 0.224100 ms CreateObjectMapping: 0.095400 ms MarkObjects: 2.351100 ms  DeleteObjects: 0.143500 ms)

========================================================================
Received Import Request.
  Time since last request: 600.111945 seconds.
  path: Assets/Prefabs/Archer.prefab
  artifactKey: Guid(358b4442fc005614296adc20fe8f1191) Importer(815301076,1909f56bfc062723c751e8b465ee728b)
Start importing Assets/Prefabs/Archer.prefab using Guid(358b4442fc005614296adc20fe8f1191) Importer(815301076,1909f56bfc062723c751e8b465ee728b)  -> (artifact id: '2c3f4ca2c264ab0ac51dadc2d50346d1') in 0.132695 seconds
  Import took 0.137674 seconds .

========================================================================
Received Prepare
Registering precompiled user dll's ...
Registered in 0.001380 seconds.
Begin MonoManager ReloadAssembly
Native extension for WindowsStandalone target not found
Refreshing native plugins compatible for Editor in 0.44 ms, found 1 plugins.
Preloading 0 native plugins for Editor in 0.00 ms.
Invoked RoslynAnalysisRunner static constructor.
RoslynAnalysisRunner will not be running.
RoslynAnalysisRunner has terminated.
Mono: successfully reloaded assembly
- Completed reload, in  1.585 seconds
Platform modules already initialized, skipping
Refreshing native plugins compatible for Editor in 0.51 ms, found 1 plugins.
Preloading 0 native plugins for Editor in 0.00 ms.
Unloading 1823 Unused Serialized files (Serialized files now loaded: 0)
System memory in use before: 88.6 MB.
System memory in use after: 88.6 MB.

Unloading 12 unused Assets to reduce memory usage. Loaded Objects now: 2299.
Total: 4.451900 ms (FindLiveObjects: 0.402100 ms CreateObjectMapping: 0.211400 ms MarkObjects: 3.648600 ms  DeleteObjects: 0.186800 ms)

========================================================================
Received Prepare
Registering precompiled user dll's ...
Registered in 0.002286 seconds.
Begin MonoManager ReloadAssembly
Native extension for WindowsStandalone target not found
Refreshing native plugins compatible for Editor in 0.52 ms, found 1 plugins.
Preloading 0 native plugins for Editor in 0.00 ms.
Invoked RoslynAnalysisRunner static constructor.
RoslynAnalysisRunner will not be running.
RoslynAnalysisRunner has terminated.
Mono: successfully reloaded assembly
- Completed reload, in  1.431 seconds
Platform modules already initialized, skipping
Refreshing native plugins compatible for Editor in 0.45 ms, found 1 plugins.
Preloading 0 native plugins for Editor in 0.00 ms.
Unloading 1823 Unused Serialized files (Serialized files now loaded: 0)
System memory in use before: 88.6 MB.
System memory in use after: 88.6 MB.

Unloading 12 unused Assets to reduce memory usage. Loaded Objects now: 2303.
Total: 3.962100 ms (FindLiveObjects: 0.258000 ms CreateObjectMapping: 0.109900 ms MarkObjects: 3.414500 ms  DeleteObjects: 0.177500 ms)

========================================================================
Received Import Request.
  Time since last request: 116.972024 seconds.
  path: Assets/Prefabs/Archer.prefab
  artifactKey: Guid(358b4442fc005614296adc20fe8f1191) Importer(815301076,1909f56bfc062723c751e8b465ee728b)
Start importing Assets/Prefabs/Archer.prefab using Guid(358b4442fc005614296adc20fe8f1191) Importer(815301076,1909f56bfc062723c751e8b465ee728b)  -> (artifact id: 'e0231f5fa7b76beb2fb53b99c2572a63') in 0.075524 seconds
  Import took 0.080580 seconds .

========================================================================
Received Import Request.
  Time since last request: 0.000408 seconds.
  path: Assets/Prefabs/Enemy.prefab
  artifactKey: Guid(93ad1a55585ad9b42a09987baea2d38d) Importer(815301076,1909f56bfc062723c751e8b465ee728b)
Start importing Assets/Prefabs/Enemy.prefab using Guid(93ad1a55585ad9b42a09987baea2d38d) Importer(815301076,1909f56bfc062723c751e8b465ee728b)  -> (artifact id: 'eed19f29d6c8f85bcbd1ef3b1e9ab7d3') in 0.039237 seconds
  Import took 0.043127 seconds .

========================================================================
Received Import Request.
  Time since last request: 0.000417 seconds.
  path: Assets/Prefabs/SwordMen.prefab
  artifactKey: Guid(da031a6b6d4a91642bc2240860307596) Importer(815301076,1909f56bfc062723c751e8b465ee728b)
Start importing Assets/Prefabs/SwordMen.prefab using Guid(da031a6b6d4a91642bc2240860307596) Importer(815301076,1909f56bfc062723c751e8b465ee728b)  -> (artifact id: '050a2e2a59b99144b49aa9d251bcd072') in 0.028638 seconds
  Import took 0.033626 seconds .

========================================================================
Received Prepare
Registering precompiled user dll's ...
Registered in 0.002132 seconds.
Begin MonoManager ReloadAssembly
Native extension for WindowsStandalone target not found
Refreshing native plugins compatible for Editor in 0.45 ms, found 1 plugins.
Preloading 0 native plugins for Editor in 0.00 ms.
Invoked RoslynAnalysisRunner static constructor.
RoslynAnalysisRunner will not be running.
RoslynAnalysisRunner has terminated.
Mono: successfully reloaded assembly
- Completed reload, in  1.474 seconds
Platform modules already initialized, skipping
Refreshing native plugins compatible for Editor in 0.46 ms, found 1 plugins.
Preloading 0 native plugins for Editor in 0.00 ms.
Unloading 1823 Unused Serialized files (Serialized files now loaded: 0)
System memory in use before: 88.6 MB.
System memory in use after: 88.6 MB.

Unloading 12 unused Assets to reduce memory usage. Loaded Objects now: 2308.
Total: 2.932900 ms (FindLiveObjects: 0.224300 ms CreateObjectMapping: 0.095200 ms MarkObjects: 2.471100 ms  DeleteObjects: 0.141200 ms)

========================================================================
Received Prepare
Registering precompiled user dll's ...
Registered in 0.001709 seconds.
Begin MonoManager ReloadAssembly
Native extension for WindowsStandalone target not found
Refreshing native plugins compatible for Editor in 0.45 ms, found 1 plugins.
Preloading 0 native plugins for Editor in 0.00 ms.
Invoked RoslynAnalysisRunner static constructor.
RoslynAnalysisRunner will not be running.
RoslynAnalysisRunner has terminated.
Mono: successfully reloaded assembly
- Completed reload, in  1.460 seconds
Platform modules already initialized, skipping
Refreshing native plugins compatible for Editor in 0.45 ms, found 1 plugins.
Preloading 0 native plugins for Editor in 0.00 ms.
Unloading 1823 Unused Serialized files (Serialized files now loaded: 0)
System memory in use before: 88.6 MB.
System memory in use after: 88.6 MB.

Unloading 12 unused Assets to reduce memory usage. Loaded Objects now: 2312.
Total: 3.060600 ms (FindLiveObjects: 0.237000 ms CreateObjectMapping: 0.101500 ms MarkObjects: 2.584500 ms  DeleteObjects: 0.136300 ms)

========================================================================
Received Prepare
Registering precompiled user dll's ...
Registered in 0.002816 seconds.
Begin MonoManager ReloadAssembly
Native extension for WindowsStandalone target not found
Refreshing native plugins compatible for Editor in 0.60 ms, found 1 plugins.
Preloading 0 native plugins for Editor in 0.00 ms.
Invoked RoslynAnalysisRunner static constructor.
RoslynAnalysisRunner will not be running.
RoslynAnalysisRunner has terminated.
Mono: successfully reloaded assembly
- Completed reload, in  1.537 seconds
Platform modules already initialized, skipping
Refreshing native plugins compatible for Editor in 0.52 ms, found 1 plugins.
Preloading 0 native plugins for Editor in 0.00 ms.
Unloading 1823 Unused Serialized files (Serialized files now loaded: 0)
System memory in use before: 88.6 MB.
System memory in use after: 88.6 MB.

Unloading 12 unused Assets to reduce memory usage. Loaded Objects now: 2316.
Total: 3.232600 ms (FindLiveObjects: 0.420300 ms CreateObjectMapping: 0.146600 ms MarkObjects: 2.461700 ms  DeleteObjects: 0.201500 ms)

========================================================================
Received Prepare
Registering precompiled user dll's ...
Registered in 0.001415 seconds.
Begin MonoManager ReloadAssembly
Native extension for WindowsStandalone target not found
Refreshing native plugins compatible for Editor in 0.47 ms, found 1 plugins.
Preloading 0 native plugins for Editor in 0.00 ms.
Invoked RoslynAnalysisRunner static constructor.
RoslynAnalysisRunner will not be running.
RoslynAnalysisRunner has terminated.
Mono: successfully reloaded assembly
- Completed reload, in  1.411 seconds
Platform modules already initialized, skipping
Refreshing native plugins compatible for Editor in 0.43 ms, found 1 plugins.
Preloading 0 native plugins for Editor in 0.00 ms.
Unloading 1823 Unused Serialized files (Serialized files now loaded: 0)
System memory in use before: 88.6 MB.
System memory in use after: 88.6 MB.

Unloading 12 unused Assets to reduce memory usage. Loaded Objects now: 2320.
Total: 3.491100 ms (FindLiveObjects: 0.407400 ms CreateObjectMapping: 0.162300 ms MarkObjects: 2.762800 ms  DeleteObjects: 0.156700 ms)

========================================================================
Received Prepare
Registering precompiled user dll's ...
Registered in 0.001726 seconds.
Begin MonoManager ReloadAssembly
Native extension for WindowsStandalone target not found
Refreshing native plugins compatible for Editor in 0.56 ms, found 1 plugins.
Preloading 0 native plugins for Editor in 0.00 ms.
Invoked RoslynAnalysisRunner static constructor.
RoslynAnalysisRunner will not be running.
RoslynAnalysisRunner has terminated.
Mono: successfully reloaded assembly
- Completed reload, in  1.765 seconds
Platform modules already initialized, skipping
Refreshing native plugins compatible for Editor in 0.80 ms, found 1 plugins.
Preloading 0 native plugins for Editor in 0.00 ms.
Unloading 1823 Unused Serialized files (Serialized files now loaded: 0)
System memory in use before: 88.7 MB.
System memory in use after: 88.6 MB.

Unloading 12 unused Assets to reduce memory usage. Loaded Objects now: 2324.
Total: 4.938100 ms (FindLiveObjects: 0.349700 ms CreateObjectMapping: 0.176000 ms MarkObjects: 4.170700 ms  DeleteObjects: 0.239800 ms)

========================================================================
Received Prepare
Registering precompiled user dll's ...
Registered in 0.001368 seconds.
Begin MonoManager ReloadAssembly
Native extension for WindowsStandalone target not found
Refreshing native plugins compatible for Editor in 0.44 ms, found 1 plugins.
Preloading 0 native plugins for Editor in 0.00 ms.
Invoked RoslynAnalysisRunner static constructor.
RoslynAnalysisRunner will not be running.
RoslynAnalysisRunner has terminated.
Mono: successfully reloaded assembly
- Completed reload, in  1.636 seconds
Platform modules already initialized, skipping
Refreshing native plugins compatible for Editor in 0.71 ms, found 1 plugins.
Preloading 0 native plugins for Editor in 0.00 ms.
Unloading 1823 Unused Serialized files (Serialized files now loaded: 0)
System memory in use before: 88.7 MB.
System memory in use after: 88.6 MB.

Unloading 12 unused Assets to reduce memory usage. Loaded Objects now: 2328.
Total: 2.633800 ms (FindLiveObjects: 0.249800 ms CreateObjectMapping: 0.107000 ms MarkObjects: 2.129300 ms  DeleteObjects: 0.146200 ms)

========================================================================
Received Import Request.
  Time since last request: 1018.299851 seconds.
  path: Assets/Sprites
  artifactKey: Guid(4363b7ebe58824c4c81036fdc147c6ab) Importer(815301076,1909f56bfc062723c751e8b465ee728b)
Start importing Assets/Sprites using Guid(4363b7ebe58824c4c81036fdc147c6ab) Importer(815301076,1909f56bfc062723c751e8b465ee728b)  -> (artifact id: '4610502fee148e4e38ad2483895183d7') in 0.014637 seconds
  Import took 0.019586 seconds .

========================================================================
Received Prepare
Registering precompiled user dll's ...
Registered in 0.001362 seconds.
Begin MonoManager ReloadAssembly
Native extension for WindowsStandalone target not found
Refreshing native plugins compatible for Editor in 0.43 ms, found 1 plugins.
Preloading 0 native plugins for Editor in 0.00 ms.
Invoked RoslynAnalysisRunner static constructor.
RoslynAnalysisRunner will not be running.
RoslynAnalysisRunner has terminated.
Mono: successfully reloaded assembly
- Completed reload, in  1.256 seconds
Platform modules already initialized, skipping
Refreshing native plugins compatible for Editor in 0.45 ms, found 1 plugins.
Preloading 0 native plugins for Editor in 0.00 ms.
Unloading 1823 Unused Serialized files (Serialized files now loaded: 0)
System memory in use before: 88.7 MB.
System memory in use after: 88.6 MB.

Unloading 12 unused Assets to reduce memory usage. Loaded Objects now: 2332.
Total: 2.917300 ms (FindLiveObjects: 0.380600 ms CreateObjectMapping: 0.168200 ms MarkObjects: 2.225400 ms  DeleteObjects: 0.141400 ms)

AssetImportWorkerClient::OnTransportError - code=2 error=End of file
