Using pre-set license
Built from '2020.3/staging' branch; Version is '2020.3.3f1 (76626098c1c4) revision 7758432'; Using compiler version '192528614'; Build Type 'Release'
OS: 'Windows 10 Home Single Language; OS build 19043.1110; Version 2009; 64bit' Language: 'ru' Physical Memory: 16261 MB
BatchMode: 1, IsHumanControllingUs: 0, StartBugReporterOnCrash: 0, Is64bit: 1, IsPro: 0

 COMMAND LINE ARGUMENTS:
C:\Program Files\Unity\Hub\Editor\2020.3.3f1\Editor\Unity.exe
-adb2
-batchMode
-noUpm
-name
AssetImportWorker0
-projectPath
C:/Users/maksi/Desktop/Штучки/Проекты/2D_Platformer
-logFile
Logs/AssetImportWorker0.log
-srvPort
60201
Successfully changed project path to: C:/Users/maksi/Desktop/Штучки/Проекты/2D_Platformer
C:/Users/maksi/Desktop/Штучки/Проекты/2D_Platformer
Using Asset Import Pipeline V2.
Refreshing native plugins compatible for Editor in 56.85 ms, found 1 plugins.
Preloading 0 native plugins for Editor in 0.00 ms.
Initialize engine version: 2020.3.3f1 (76626098c1c4)
[Subsystems] Discovering subsystems at path C:/Program Files/Unity/Hub/Editor/2020.3.3f1/Editor/Data/Resources/UnitySubsystems
[Subsystems] Discovering subsystems at path C:/Users/maksi/Desktop/Штучки/Проекты/2D_Platformer/Assets
GfxDevice: creating device client; threaded=0
Direct3D:
    Version:  Direct3D 11.0 [level 11.1]
    Renderer: NVIDIA GeForce RTX 2070 with Max-Q Design (ID=0x1f10)
    Vendor:   
    VRAM:     8031 MB
    Driver:   30.0.14.7168
Initialize mono
Mono path[0] = 'C:/Program Files/Unity/Hub/Editor/2020.3.3f1/Editor/Data/Managed'
Mono path[1] = 'C:/Program Files/Unity/Hub/Editor/2020.3.3f1/Editor/Data/MonoBleedingEdge/lib/mono/unityjit'
Mono config path = 'C:/Program Files/Unity/Hub/Editor/2020.3.3f1/Editor/Data/MonoBleedingEdge/etc'
Using monoOptions --debugger-agent=transport=dt_socket,embedding=1,server=y,suspend=n,address=127.0.0.1:56952
Begin MonoManager ReloadAssembly
Registering precompiled unity dll's ...
Register platform support module: C:/Program Files/Unity/Hub/Editor/2020.3.3f1/Editor/Data/PlaybackEngines/WindowsStandaloneSupport/UnityEditor.WindowsStandalone.Extensions.dll
Registered in 0.004261 seconds.
Native extension for WindowsStandalone target not found
Refreshing native plugins compatible for Editor in 72.55 ms, found 1 plugins.
Preloading 0 native plugins for Editor in 0.00 ms.
Invoked RoslynAnalysisRunner static constructor.
RoslynAnalysisRunner will not be running.
RoslynAnalysisRunner has terminated.
Mono: successfully reloaded assembly
- Completed reload, in  3.390 seconds
Platform modules already initialized, skipping
Registering precompiled user dll's ...
Registered in 0.003156 seconds.
Begin MonoManager ReloadAssembly
Native extension for WindowsStandalone target not found
Refreshing native plugins compatible for Editor in 81.64 ms, found 1 plugins.
Preloading 0 native plugins for Editor in 0.00 ms.
Invoked RoslynAnalysisRunner static constructor.
RoslynAnalysisRunner will not be running.
RoslynAnalysisRunner has terminated.
Mono: successfully reloaded assembly
- Completed reload, in  2.019 seconds
Platform modules already initialized, skipping
========================================================================
Worker process is ready to serve import requests
Launched and connected shader compiler UnityShaderCompiler.exe after 0.08 seconds
Refreshing native plugins compatible for Editor in 0.46 ms, found 1 plugins.
Preloading 0 native plugins for Editor in 0.00 ms.
Unloading 1836 Unused Serialized files (Serialized files now loaded: 0)
System memory in use before: 85.7 MB.
System memory in use after: 85.6 MB.

Unloading 24 unused Assets to reduce memory usage. Loaded Objects now: 2280.
Total: 4.267300 ms (FindLiveObjects: 0.340000 ms CreateObjectMapping: 0.387100 ms MarkObjects: 3.294500 ms  DeleteObjects: 0.244000 ms)

========================================================================
Received Import Request.
  path: Assets/Scripts/Monsters/Kemal.cs
  artifactKey: Guid(08404a6dea9e48644b5fd6822287c884) Importer(815301076,1909f56bfc062723c751e8b465ee728b)
Start importing Assets/Scripts/Monsters/Kemal.cs using Guid(08404a6dea9e48644b5fd6822287c884) Importer(815301076,1909f56bfc062723c751e8b465ee728b)  -> (artifact id: '542834054cb6905f3e0600a1626bfe02') in 0.105762 seconds
  Import took 0.113569 seconds .

========================================================================
Received Import Request.
  Time since last request: 75.661165 seconds.
  path: Assets/Scripts/Monsters/Kemal.cs
  artifactKey: Guid(08404a6dea9e48644b5fd6822287c884) Importer(815301076,1909f56bfc062723c751e8b465ee728b)
Start importing Assets/Scripts/Monsters/Kemal.cs using Guid(08404a6dea9e48644b5fd6822287c884) Importer(815301076,1909f56bfc062723c751e8b465ee728b)  -> (artifact id: '0e716f7ae900771fd0ca2d50f6f24421') in 0.005604 seconds
  Import took 0.010616 seconds .

========================================================================
Received Import Request.
  Time since last request: 76.938659 seconds.
  path: Assets/Scripts/Monsters/Kemal.cs
  artifactKey: Guid(08404a6dea9e48644b5fd6822287c884) Importer(815301076,1909f56bfc062723c751e8b465ee728b)
Start importing Assets/Scripts/Monsters/Kemal.cs using Guid(08404a6dea9e48644b5fd6822287c884) Importer(815301076,1909f56bfc062723c751e8b465ee728b)  -> (artifact id: '91dc9c1b4aa19c0505cf2b4b74f15566') in 0.004888 seconds
  Import took 0.009721 seconds .

========================================================================
Received Prepare
Registering precompiled user dll's ...
Registered in 0.001367 seconds.
Begin MonoManager ReloadAssembly
Native extension for WindowsStandalone target not found
Refreshing native plugins compatible for Editor in 0.43 ms, found 1 plugins.
Preloading 0 native plugins for Editor in 0.00 ms.
Invoked RoslynAnalysisRunner static constructor.
RoslynAnalysisRunner will not be running.
RoslynAnalysisRunner has terminated.
Mono: successfully reloaded assembly
- Completed reload, in  1.382 seconds
Platform modules already initialized, skipping
Refreshing native plugins compatible for Editor in 0.46 ms, found 1 plugins.
Preloading 0 native plugins for Editor in 0.00 ms.
Unloading 1831 Unused Serialized files (Serialized files now loaded: 0)
System memory in use before: 85.6 MB.
System memory in use after: 85.6 MB.

Unloading 12 unused Assets to reduce memory usage. Loaded Objects now: 2284.
Total: 2.666500 ms (FindLiveObjects: 0.234000 ms CreateObjectMapping: 0.099600 ms MarkObjects: 2.169900 ms  DeleteObjects: 0.161400 ms)

========================================================================
Received Prepare
Registering precompiled user dll's ...
Registered in 0.001558 seconds.
Begin MonoManager ReloadAssembly
Native extension for WindowsStandalone target not found
Refreshing native plugins compatible for Editor in 0.44 ms, found 1 plugins.
Preloading 0 native plugins for Editor in 0.00 ms.
Invoked RoslynAnalysisRunner static constructor.
RoslynAnalysisRunner will not be running.
RoslynAnalysisRunner has terminated.
Mono: successfully reloaded assembly
- Completed reload, in  1.582 seconds
Platform modules already initialized, skipping
Refreshing native plugins compatible for Editor in 0.50 ms, found 1 plugins.
Preloading 0 native plugins for Editor in 0.00 ms.
Unloading 1831 Unused Serialized files (Serialized files now loaded: 0)
System memory in use before: 85.6 MB.
System memory in use after: 85.6 MB.

Unloading 12 unused Assets to reduce memory usage. Loaded Objects now: 2288.
Total: 2.809700 ms (FindLiveObjects: 0.217800 ms CreateObjectMapping: 0.093200 ms MarkObjects: 2.344500 ms  DeleteObjects: 0.152700 ms)

========================================================================
Received Prepare
Registering precompiled user dll's ...
Registered in 0.001479 seconds.
Begin MonoManager ReloadAssembly
Native extension for WindowsStandalone target not found
Refreshing native plugins compatible for Editor in 0.42 ms, found 1 plugins.
Preloading 0 native plugins for Editor in 0.00 ms.
Invoked RoslynAnalysisRunner static constructor.
RoslynAnalysisRunner will not be running.
RoslynAnalysisRunner has terminated.
Mono: successfully reloaded assembly
- Completed reload, in  1.520 seconds
Platform modules already initialized, skipping
Refreshing native plugins compatible for Editor in 0.50 ms, found 1 plugins.
Preloading 0 native plugins for Editor in 0.00 ms.
Unloading 1831 Unused Serialized files (Serialized files now loaded: 0)
System memory in use before: 85.7 MB.
System memory in use after: 85.6 MB.

Unloading 12 unused Assets to reduce memory usage. Loaded Objects now: 2292.
Total: 2.823600 ms (FindLiveObjects: 0.240600 ms CreateObjectMapping: 0.097900 ms MarkObjects: 2.341000 ms  DeleteObjects: 0.142500 ms)

========================================================================
Received Prepare
Registering precompiled user dll's ...
Registered in 0.001434 seconds.
Begin MonoManager ReloadAssembly
Native extension for WindowsStandalone target not found
Refreshing native plugins compatible for Editor in 0.46 ms, found 1 plugins.
Preloading 0 native plugins for Editor in 0.00 ms.
Invoked RoslynAnalysisRunner static constructor.
RoslynAnalysisRunner will not be running.
RoslynAnalysisRunner has terminated.
Mono: successfully reloaded assembly
- Completed reload, in  1.420 seconds
Platform modules already initialized, skipping
Refreshing native plugins compatible for Editor in 0.54 ms, found 1 plugins.
Preloading 0 native plugins for Editor in 0.00 ms.
Unloading 1831 Unused Serialized files (Serialized files now loaded: 0)
System memory in use before: 85.7 MB.
System memory in use after: 85.7 MB.

Unloading 12 unused Assets to reduce memory usage. Loaded Objects now: 2296.
Total: 3.169300 ms (FindLiveObjects: 0.296900 ms CreateObjectMapping: 0.138300 ms MarkObjects: 2.581300 ms  DeleteObjects: 0.150500 ms)

========================================================================
Received Prepare
Registering precompiled user dll's ...
Registered in 0.001677 seconds.
Begin MonoManager ReloadAssembly
Native extension for WindowsStandalone target not found
Refreshing native plugins compatible for Editor in 0.69 ms, found 1 plugins.
Preloading 0 native plugins for Editor in 0.00 ms.
Invoked RoslynAnalysisRunner static constructor.
RoslynAnalysisRunner will not be running.
RoslynAnalysisRunner has terminated.
Mono: successfully reloaded assembly
- Completed reload, in  1.341 seconds
Platform modules already initialized, skipping
Refreshing native plugins compatible for Editor in 0.54 ms, found 1 plugins.
Preloading 0 native plugins for Editor in 0.00 ms.
Unloading 1831 Unused Serialized files (Serialized files now loaded: 0)
System memory in use before: 85.7 MB.
System memory in use after: 85.7 MB.

Unloading 12 unused Assets to reduce memory usage. Loaded Objects now: 2300.
Total: 3.061900 ms (FindLiveObjects: 0.347100 ms CreateObjectMapping: 0.142800 ms MarkObjects: 2.428100 ms  DeleteObjects: 0.141800 ms)

========================================================================
Received Prepare
Registering precompiled user dll's ...
Registered in 0.001396 seconds.
Begin MonoManager ReloadAssembly
Native extension for WindowsStandalone target not found
Refreshing native plugins compatible for Editor in 0.44 ms, found 1 plugins.
Preloading 0 native plugins for Editor in 0.00 ms.
Invoked RoslynAnalysisRunner static constructor.
RoslynAnalysisRunner will not be running.
RoslynAnalysisRunner has terminated.
Mono: successfully reloaded assembly
- Completed reload, in  1.445 seconds
Platform modules already initialized, skipping
Refreshing native plugins compatible for Editor in 0.53 ms, found 1 plugins.
Preloading 0 native plugins for Editor in 0.00 ms.
Unloading 1831 Unused Serialized files (Serialized files now loaded: 0)
System memory in use before: 85.7 MB.
System memory in use after: 85.7 MB.

Unloading 12 unused Assets to reduce memory usage. Loaded Objects now: 2304.
Total: 2.965800 ms (FindLiveObjects: 0.285300 ms CreateObjectMapping: 0.124300 ms MarkObjects: 2.407700 ms  DeleteObjects: 0.146900 ms)

========================================================================
Received Prepare
Registering precompiled user dll's ...
Registered in 0.001724 seconds.
Begin MonoManager ReloadAssembly
Native extension for WindowsStandalone target not found
Refreshing native plugins compatible for Editor in 0.47 ms, found 1 plugins.
Preloading 0 native plugins for Editor in 0.00 ms.
Invoked RoslynAnalysisRunner static constructor.
RoslynAnalysisRunner will not be running.
RoslynAnalysisRunner has terminated.
Mono: successfully reloaded assembly
- Completed reload, in  1.399 seconds
Platform modules already initialized, skipping
Refreshing native plugins compatible for Editor in 0.44 ms, found 1 plugins.
Preloading 0 native plugins for Editor in 0.00 ms.
Unloading 1831 Unused Serialized files (Serialized files now loaded: 0)
System memory in use before: 85.7 MB.
System memory in use after: 85.7 MB.

Unloading 12 unused Assets to reduce memory usage. Loaded Objects now: 2308.
Total: 2.784800 ms (FindLiveObjects: 0.232700 ms CreateObjectMapping: 0.094900 ms MarkObjects: 2.316700 ms  DeleteObjects: 0.138900 ms)

========================================================================
Received Import Request.
  Time since last request: 759.070114 seconds.
  path: Assets/Animations/Animators/Kemal.controller
  artifactKey: Guid(68eaceb0c1b95954daebc9a90beac91f) Importer(815301076,1909f56bfc062723c751e8b465ee728b)
Start importing Assets/Animations/Animators/Kemal.controller using Guid(68eaceb0c1b95954daebc9a90beac91f) Importer(815301076,1909f56bfc062723c751e8b465ee728b)  -> (artifact id: 'ae3496b61e4671d28b4b6da4d0f8a911') in 0.032680 seconds
  Import took 0.037261 seconds .

========================================================================
Received Prepare
Registering precompiled user dll's ...
Registered in 0.001612 seconds.
Begin MonoManager ReloadAssembly
Native extension for WindowsStandalone target not found
Refreshing native plugins compatible for Editor in 0.51 ms, found 1 plugins.
Preloading 0 native plugins for Editor in 0.00 ms.
Invoked RoslynAnalysisRunner static constructor.
RoslynAnalysisRunner will not be running.
RoslynAnalysisRunner has terminated.
Mono: successfully reloaded assembly
- Completed reload, in  1.582 seconds
Platform modules already initialized, skipping
Refreshing native plugins compatible for Editor in 0.71 ms, found 1 plugins.
Preloading 0 native plugins for Editor in 0.00 ms.
Unloading 1831 Unused Serialized files (Serialized files now loaded: 0)
System memory in use before: 85.7 MB.
System memory in use after: 85.7 MB.

Unloading 12 unused Assets to reduce memory usage. Loaded Objects now: 2312.
Total: 3.476700 ms (FindLiveObjects: 0.482200 ms CreateObjectMapping: 0.134500 ms MarkObjects: 2.703200 ms  DeleteObjects: 0.154600 ms)

========================================================================
Received Prepare
Registering precompiled user dll's ...
Registered in 0.001398 seconds.
Begin MonoManager ReloadAssembly
Native extension for WindowsStandalone target not found
Refreshing native plugins compatible for Editor in 0.53 ms, found 1 plugins.
Preloading 0 native plugins for Editor in 0.00 ms.
Invoked RoslynAnalysisRunner static constructor.
RoslynAnalysisRunner will not be running.
RoslynAnalysisRunner has terminated.
Mono: successfully reloaded assembly
- Completed reload, in  1.368 seconds
Platform modules already initialized, skipping
Refreshing native plugins compatible for Editor in 0.51 ms, found 1 plugins.
Preloading 0 native plugins for Editor in 0.00 ms.
Unloading 1831 Unused Serialized files (Serialized files now loaded: 0)
System memory in use before: 85.7 MB.
System memory in use after: 85.7 MB.

Unloading 12 unused Assets to reduce memory usage. Loaded Objects now: 2316.
Total: 3.744200 ms (FindLiveObjects: 0.310700 ms CreateObjectMapping: 0.116800 ms MarkObjects: 3.094300 ms  DeleteObjects: 0.220200 ms)

========================================================================
Received Prepare
Registering precompiled user dll's ...
Registered in 0.001476 seconds.
Begin MonoManager ReloadAssembly
Native extension for WindowsStandalone target not found
Refreshing native plugins compatible for Editor in 0.68 ms, found 1 plugins.
Preloading 0 native plugins for Editor in 0.00 ms.
Invoked RoslynAnalysisRunner static constructor.
RoslynAnalysisRunner will not be running.
RoslynAnalysisRunner has terminated.
Mono: successfully reloaded assembly
- Completed reload, in  1.691 seconds
Platform modules already initialized, skipping
Refreshing native plugins compatible for Editor in 0.84 ms, found 1 plugins.
Preloading 0 native plugins for Editor in 0.00 ms.
Unloading 1831 Unused Serialized files (Serialized files now loaded: 0)
System memory in use before: 85.8 MB.
System memory in use after: 85.7 MB.

Unloading 12 unused Assets to reduce memory usage. Loaded Objects now: 2320.
Total: 3.035300 ms (FindLiveObjects: 0.250200 ms CreateObjectMapping: 0.111000 ms MarkObjects: 2.528200 ms  DeleteObjects: 0.144300 ms)

========================================================================
Received Prepare
Registering precompiled user dll's ...
Registered in 0.001449 seconds.
Begin MonoManager ReloadAssembly
Native extension for WindowsStandalone target not found
Refreshing native plugins compatible for Editor in 2.05 ms, found 1 plugins.
Preloading 0 native plugins for Editor in 0.00 ms.
Invoked RoslynAnalysisRunner static constructor.
RoslynAnalysisRunner will not be running.
RoslynAnalysisRunner has terminated.
Mono: successfully reloaded assembly
- Completed reload, in  1.527 seconds
Platform modules already initialized, skipping
Refreshing native plugins compatible for Editor in 0.47 ms, found 1 plugins.
Preloading 0 native plugins for Editor in 0.00 ms.
Unloading 1831 Unused Serialized files (Serialized files now loaded: 0)
System memory in use before: 85.8 MB.
System memory in use after: 85.7 MB.

Unloading 12 unused Assets to reduce memory usage. Loaded Objects now: 2324.
Total: 3.351300 ms (FindLiveObjects: 0.574300 ms CreateObjectMapping: 0.212200 ms MarkObjects: 2.406900 ms  DeleteObjects: 0.156000 ms)

========================================================================
Received Prepare
Registering precompiled user dll's ...
Registered in 0.001425 seconds.
Begin MonoManager ReloadAssembly
Native extension for WindowsStandalone target not found
Refreshing native plugins compatible for Editor in 0.46 ms, found 1 plugins.
Preloading 0 native plugins for Editor in 0.00 ms.
Invoked RoslynAnalysisRunner static constructor.
RoslynAnalysisRunner will not be running.
RoslynAnalysisRunner has terminated.
Mono: successfully reloaded assembly
- Completed reload, in  1.266 seconds
Platform modules already initialized, skipping
Refreshing native plugins compatible for Editor in 0.48 ms, found 1 plugins.
Preloading 0 native plugins for Editor in 0.00 ms.
Unloading 1831 Unused Serialized files (Serialized files now loaded: 0)
System memory in use before: 85.8 MB.
System memory in use after: 85.7 MB.

Unloading 12 unused Assets to reduce memory usage. Loaded Objects now: 2328.
Total: 4.628100 ms (FindLiveObjects: 0.344900 ms CreateObjectMapping: 0.142600 ms MarkObjects: 3.886700 ms  DeleteObjects: 0.251600 ms)

========================================================================
Received Prepare
Registering precompiled user dll's ...
Registered in 0.002065 seconds.
Begin MonoManager ReloadAssembly
Native extension for WindowsStandalone target not found
Refreshing native plugins compatible for Editor in 0.44 ms, found 1 plugins.
Preloading 0 native plugins for Editor in 0.00 ms.
Invoked RoslynAnalysisRunner static constructor.
RoslynAnalysisRunner will not be running.
RoslynAnalysisRunner has terminated.
Mono: successfully reloaded assembly
- Completed reload, in  1.575 seconds
Platform modules already initialized, skipping
Refreshing native plugins compatible for Editor in 0.56 ms, found 1 plugins.
Preloading 0 native plugins for Editor in 0.00 ms.
Unloading 1831 Unused Serialized files (Serialized files now loaded: 0)
System memory in use before: 85.8 MB.
System memory in use after: 85.8 MB.

Unloading 12 unused Assets to reduce memory usage. Loaded Objects now: 2332.
Total: 3.036100 ms (FindLiveObjects: 0.289900 ms CreateObjectMapping: 0.098900 ms MarkObjects: 2.496400 ms  DeleteObjects: 0.149200 ms)

========================================================================
Received Prepare
Registering precompiled user dll's ...
Registered in 0.001371 seconds.
Begin MonoManager ReloadAssembly
Native extension for WindowsStandalone target not found
Refreshing native plugins compatible for Editor in 0.44 ms, found 1 plugins.
Preloading 0 native plugins for Editor in 0.00 ms.
Invoked RoslynAnalysisRunner static constructor.
RoslynAnalysisRunner will not be running.
RoslynAnalysisRunner has terminated.
Mono: successfully reloaded assembly
- Completed reload, in  1.339 seconds
Platform modules already initialized, skipping
Refreshing native plugins compatible for Editor in 0.77 ms, found 1 plugins.
Preloading 0 native plugins for Editor in 0.00 ms.
Unloading 1831 Unused Serialized files (Serialized files now loaded: 0)
System memory in use before: 85.8 MB.
System memory in use after: 85.8 MB.

Unloading 12 unused Assets to reduce memory usage. Loaded Objects now: 2336.
Total: 3.066100 ms (FindLiveObjects: 0.283700 ms CreateObjectMapping: 0.104200 ms MarkObjects: 2.530700 ms  DeleteObjects: 0.145500 ms)

========================================================================
Received Prepare
Registering precompiled user dll's ...
Registered in 0.001554 seconds.
Begin MonoManager ReloadAssembly
Native extension for WindowsStandalone target not found
Refreshing native plugins compatible for Editor in 0.43 ms, found 1 plugins.
Preloading 0 native plugins for Editor in 0.00 ms.
Invoked RoslynAnalysisRunner static constructor.
RoslynAnalysisRunner will not be running.
RoslynAnalysisRunner has terminated.
Mono: successfully reloaded assembly
- Completed reload, in  1.379 seconds
Platform modules already initialized, skipping
Refreshing native plugins compatible for Editor in 0.54 ms, found 1 plugins.
Preloading 0 native plugins for Editor in 0.00 ms.
Unloading 1831 Unused Serialized files (Serialized files now loaded: 0)
System memory in use before: 85.8 MB.
System memory in use after: 85.8 MB.

Unloading 12 unused Assets to reduce memory usage. Loaded Objects now: 2340.
Total: 2.669800 ms (FindLiveObjects: 0.227500 ms CreateObjectMapping: 0.095000 ms MarkObjects: 2.211600 ms  DeleteObjects: 0.134400 ms)

========================================================================
Received Prepare
Registering precompiled user dll's ...
Registered in 0.001380 seconds.
Begin MonoManager ReloadAssembly
Native extension for WindowsStandalone target not found
Refreshing native plugins compatible for Editor in 0.43 ms, found 1 plugins.
Preloading 0 native plugins for Editor in 0.00 ms.
Invoked RoslynAnalysisRunner static constructor.
RoslynAnalysisRunner will not be running.
RoslynAnalysisRunner has terminated.
Mono: successfully reloaded assembly
- Completed reload, in  1.331 seconds
Platform modules already initialized, skipping
Refreshing native plugins compatible for Editor in 0.81 ms, found 1 plugins.
Preloading 0 native plugins for Editor in 0.00 ms.
Unloading 1831 Unused Serialized files (Serialized files now loaded: 0)
System memory in use before: 85.8 MB.
System memory in use after: 85.8 MB.

Unloading 12 unused Assets to reduce memory usage. Loaded Objects now: 2344.
Total: 3.143700 ms (FindLiveObjects: 0.285900 ms CreateObjectMapping: 0.128300 ms MarkObjects: 2.580700 ms  DeleteObjects: 0.146700 ms)

========================================================================
Received Prepare
Registering precompiled user dll's ...
Registered in 0.001605 seconds.
Begin MonoManager ReloadAssembly
Native extension for WindowsStandalone target not found
Refreshing native plugins compatible for Editor in 0.44 ms, found 1 plugins.
Preloading 0 native plugins for Editor in 0.00 ms.
Invoked RoslynAnalysisRunner static constructor.
RoslynAnalysisRunner will not be running.
RoslynAnalysisRunner has terminated.
Mono: successfully reloaded assembly
- Completed reload, in  1.312 seconds
Platform modules already initialized, skipping
Refreshing native plugins compatible for Editor in 0.50 ms, found 1 plugins.
Preloading 0 native plugins for Editor in 0.00 ms.
Unloading 1831 Unused Serialized files (Serialized files now loaded: 0)
System memory in use before: 85.8 MB.
System memory in use after: 85.8 MB.

Unloading 12 unused Assets to reduce memory usage. Loaded Objects now: 2348.
Total: 2.812200 ms (FindLiveObjects: 0.247300 ms CreateObjectMapping: 0.095200 ms MarkObjects: 2.333300 ms  DeleteObjects: 0.135000 ms)

========================================================================
Received Prepare
Registering precompiled user dll's ...
Registered in 0.002130 seconds.
Begin MonoManager ReloadAssembly
Native extension for WindowsStandalone target not found
Refreshing native plugins compatible for Editor in 0.61 ms, found 1 plugins.
Preloading 0 native plugins for Editor in 0.00 ms.
Invoked RoslynAnalysisRunner static constructor.
RoslynAnalysisRunner will not be running.
RoslynAnalysisRunner has terminated.
Mono: successfully reloaded assembly
- Completed reload, in  1.376 seconds
Platform modules already initialized, skipping
Refreshing native plugins compatible for Editor in 0.54 ms, found 1 plugins.
Preloading 0 native plugins for Editor in 0.00 ms.
Unloading 1831 Unused Serialized files (Serialized files now loaded: 0)
System memory in use before: 85.8 MB.
System memory in use after: 85.8 MB.

Unloading 12 unused Assets to reduce memory usage. Loaded Objects now: 2352.
Total: 3.127700 ms (FindLiveObjects: 0.267100 ms CreateObjectMapping: 0.114600 ms MarkObjects: 2.595100 ms  DeleteObjects: 0.149400 ms)

========================================================================
Received Prepare
Registering precompiled user dll's ...
Registered in 0.002031 seconds.
Begin MonoManager ReloadAssembly
Native extension for WindowsStandalone target not found
Refreshing native plugins compatible for Editor in 0.43 ms, found 1 plugins.
Preloading 0 native plugins for Editor in 0.00 ms.
Invoked RoslynAnalysisRunner static constructor.
RoslynAnalysisRunner will not be running.
RoslynAnalysisRunner has terminated.
Mono: successfully reloaded assembly
- Completed reload, in  1.378 seconds
Platform modules already initialized, skipping
Refreshing native plugins compatible for Editor in 0.56 ms, found 1 plugins.
Preloading 0 native plugins for Editor in 0.00 ms.
Unloading 1831 Unused Serialized files (Serialized files now loaded: 0)
System memory in use before: 85.8 MB.
System memory in use after: 85.8 MB.

Unloading 12 unused Assets to reduce memory usage. Loaded Objects now: 2356.
Total: 3.091100 ms (FindLiveObjects: 0.476300 ms CreateObjectMapping: 0.157200 ms MarkObjects: 2.309800 ms  DeleteObjects: 0.146100 ms)

========================================================================
Received Import Request.
  Time since last request: 1019.523935 seconds.
  path: Assets/Prefabs/Mobs/IceElemental.prefab
  artifactKey: Guid(41f21bffb398177448b818cef27b48f3) Importer(815301076,1909f56bfc062723c751e8b465ee728b)
Start importing Assets/Prefabs/Mobs/IceElemental.prefab using Guid(41f21bffb398177448b818cef27b48f3) Importer(815301076,1909f56bfc062723c751e8b465ee728b)  -> (artifact id: '835c6d555b06db1d872a20e60f773048') in 0.203584 seconds
  Import took 0.215554 seconds .

========================================================================
Received Import Request.
  Time since last request: 61.151121 seconds.
  path: Assets/Prefabs/Mobs/IceSphere.prefab
  artifactKey: Guid(6a0146262b19b09448ec6b00fbd94f54) Importer(815301076,1909f56bfc062723c751e8b465ee728b)
Start importing Assets/Prefabs/Mobs/IceSphere.prefab using Guid(6a0146262b19b09448ec6b00fbd94f54) Importer(815301076,1909f56bfc062723c751e8b465ee728b)  -> (artifact id: '4cb8b6d7f111216b9d766dc969e00063') in 0.068558 seconds
  Import took 0.079206 seconds .

========================================================================
Received Import Request.
  Time since last request: 0.004185 seconds.
  path: Assets/Prefabs/Mobs/IceSphere.prefab
  artifactKey: Guid(6a0146262b19b09448ec6b00fbd94f54) Importer(815301076,1909f56bfc062723c751e8b465ee728b)
Start importing Assets/Prefabs/Mobs/IceSphere.prefab using Guid(6a0146262b19b09448ec6b00fbd94f54) Importer(815301076,1909f56bfc062723c751e8b465ee728b)  -> (artifact id: '4cb8b6d7f111216b9d766dc969e00063') in 0.018549 seconds
  Import took 0.023002 seconds .

========================================================================
Received Import Request.
  Time since last request: 57.574968 seconds.
  path: Assets/Prefabs/Mobs/wallIce.prefab
  artifactKey: Guid(77d05f7128bfd1e43b22ecc41f8e872e) Importer(815301076,1909f56bfc062723c751e8b465ee728b)
Start importing Assets/Prefabs/Mobs/wallIce.prefab using Guid(77d05f7128bfd1e43b22ecc41f8e872e) Importer(815301076,1909f56bfc062723c751e8b465ee728b)  -> (artifact id: '969c9dd686ab5cfb88f55c60209c83dc') in 0.066759 seconds
  Import took 0.087359 seconds .

========================================================================
Received Import Request.
  Time since last request: 42.455205 seconds.
  path: Assets/Scripts/Monsters/IceElemental.cs
  artifactKey: Guid(b772f9439ee00d5439be6f8c26da124c) Importer(815301076,1909f56bfc062723c751e8b465ee728b)
Start importing Assets/Scripts/Monsters/IceElemental.cs using Guid(b772f9439ee00d5439be6f8c26da124c) Importer(815301076,1909f56bfc062723c751e8b465ee728b)  -> (artifact id: '3f5f1219fb5d9017e95006ebab803b5d') in 0.003738 seconds
  Import took 0.007580 seconds .

========================================================================
Received Import Request.
  Time since last request: 0.001875 seconds.
  path: Assets/Scripts/Monsters/IceElemental.cs
  artifactKey: Guid(b772f9439ee00d5439be6f8c26da124c) Importer(815301076,1909f56bfc062723c751e8b465ee728b)
Start importing Assets/Scripts/Monsters/IceElemental.cs using Guid(b772f9439ee00d5439be6f8c26da124c) Importer(815301076,1909f56bfc062723c751e8b465ee728b)  -> (artifact id: '3f5f1219fb5d9017e95006ebab803b5d') in 0.003507 seconds
  Import took 0.007686 seconds .

========================================================================
Received Prepare
Registering precompiled user dll's ...
Registered in 0.001598 seconds.
Begin MonoManager ReloadAssembly
Native extension for WindowsStandalone target not found
Refreshing native plugins compatible for Editor in 0.51 ms, found 1 plugins.
Preloading 0 native plugins for Editor in 0.00 ms.
Invoked RoslynAnalysisRunner static constructor.
RoslynAnalysisRunner will not be running.
RoslynAnalysisRunner has terminated.
Mono: successfully reloaded assembly
- Completed reload, in  1.478 seconds
Platform modules already initialized, skipping
Refreshing native plugins compatible for Editor in 0.42 ms, found 1 plugins.
Preloading 0 native plugins for Editor in 0.00 ms.
Unloading 1832 Unused Serialized files (Serialized files now loaded: 0)
System memory in use before: 89.1 MB.
System memory in use after: 89.0 MB.

Unloading 12 unused Assets to reduce memory usage. Loaded Objects now: 2370.
Total: 2.811000 ms (FindLiveObjects: 0.254600 ms CreateObjectMapping: 0.089900 ms MarkObjects: 2.324600 ms  DeleteObjects: 0.140500 ms)

========================================================================
Received Import Request.
  Time since last request: 747.395576 seconds.
  path: Assets/Scripts/Monsters/IceElemental.cs
  artifactKey: Guid(b772f9439ee00d5439be6f8c26da124c) Importer(815301076,1909f56bfc062723c751e8b465ee728b)
Start importing Assets/Scripts/Monsters/IceElemental.cs using Guid(b772f9439ee00d5439be6f8c26da124c) Importer(815301076,1909f56bfc062723c751e8b465ee728b)  -> (artifact id: 'eb54e17f90cb8afefac963e06aae371d') in 0.007263 seconds
  Import took 0.011481 seconds .

========================================================================
Received Prepare
Registering precompiled user dll's ...
Registered in 0.001544 seconds.
Begin MonoManager ReloadAssembly
Native extension for WindowsStandalone target not found
Refreshing native plugins compatible for Editor in 1.65 ms, found 1 plugins.
Preloading 0 native plugins for Editor in 0.00 ms.
Invoked RoslynAnalysisRunner static constructor.
RoslynAnalysisRunner will not be running.
RoslynAnalysisRunner has terminated.
Mono: successfully reloaded assembly
- Completed reload, in  1.592 seconds
Platform modules already initialized, skipping
Refreshing native plugins compatible for Editor in 0.44 ms, found 1 plugins.
Preloading 0 native plugins for Editor in 0.00 ms.
Unloading 1832 Unused Serialized files (Serialized files now loaded: 0)
System memory in use before: 89.1 MB.
System memory in use after: 89.0 MB.

Unloading 12 unused Assets to reduce memory usage. Loaded Objects now: 2374.
Total: 3.366100 ms (FindLiveObjects: 0.278600 ms CreateObjectMapping: 0.109300 ms MarkObjects: 2.799000 ms  DeleteObjects: 0.177100 ms)

========================================================================
Received Import Request.
  Time since last request: 38.155188 seconds.
  path: Assets/Prefabs/Mobs/IceElemental.prefab
  artifactKey: Guid(41f21bffb398177448b818cef27b48f3) Importer(815301076,1909f56bfc062723c751e8b465ee728b)
Start importing Assets/Prefabs/Mobs/IceElemental.prefab using Guid(41f21bffb398177448b818cef27b48f3) Importer(815301076,1909f56bfc062723c751e8b465ee728b)  -> (artifact id: '0ced54a3f4fe4ab5c7ad53376dbf1313') in 0.103338 seconds
  Import took 0.107861 seconds .

========================================================================
Received Import Request.
  Time since last request: 8.656555 seconds.
  path: Assets/Prefabs/Mobs/IceElemental.prefab
  artifactKey: Guid(41f21bffb398177448b818cef27b48f3) Importer(815301076,1909f56bfc062723c751e8b465ee728b)
Start importing Assets/Prefabs/Mobs/IceElemental.prefab using Guid(41f21bffb398177448b818cef27b48f3) Importer(815301076,1909f56bfc062723c751e8b465ee728b)  -> (artifact id: '4eafa31a698c72e9e6fbd718e8fb51ea') in 0.085812 seconds
  Import took 0.105904 seconds .

========================================================================
Received Import Request.
  Time since last request: 56.170211 seconds.
  path: Assets/Prefabs/Mobs/IceElemental.prefab
  artifactKey: Guid(41f21bffb398177448b818cef27b48f3) Importer(815301076,1909f56bfc062723c751e8b465ee728b)
Start importing Assets/Prefabs/Mobs/IceElemental.prefab using Guid(41f21bffb398177448b818cef27b48f3) Importer(815301076,1909f56bfc062723c751e8b465ee728b)  -> (artifact id: 'b9c96f233b8bfe8016c29f9a30aa98b0') in 0.099110 seconds
  Import took 0.114289 seconds .

========================================================================
Received Import Request.
  Time since last request: 13.472703 seconds.
  path: Assets/Prefabs/Mobs/IceElemental.prefab
  artifactKey: Guid(41f21bffb398177448b818cef27b48f3) Importer(815301076,1909f56bfc062723c751e8b465ee728b)
Start importing Assets/Prefabs/Mobs/IceElemental.prefab using Guid(41f21bffb398177448b818cef27b48f3) Importer(815301076,1909f56bfc062723c751e8b465ee728b)  -> (artifact id: '4ceac4cf8992dcafe8b78f32b1fdf5a8') in 0.059618 seconds
  Import took 0.079849 seconds .

========================================================================
Received Prepare
Registering precompiled user dll's ...
Registered in 0.002066 seconds.
Begin MonoManager ReloadAssembly
Native extension for WindowsStandalone target not found
Refreshing native plugins compatible for Editor in 0.46 ms, found 1 plugins.
Preloading 0 native plugins for Editor in 0.00 ms.
Invoked RoslynAnalysisRunner static constructor.
RoslynAnalysisRunner will not be running.
RoslynAnalysisRunner has terminated.
Mono: successfully reloaded assembly
- Completed reload, in  1.498 seconds
Platform modules already initialized, skipping
Refreshing native plugins compatible for Editor in 0.43 ms, found 1 plugins.
Preloading 0 native plugins for Editor in 0.00 ms.
Unloading 1832 Unused Serialized files (Serialized files now loaded: 0)
System memory in use before: 89.1 MB.
System memory in use after: 89.1 MB.

Unloading 12 unused Assets to reduce memory usage. Loaded Objects now: 2379.
Total: 2.950600 ms (FindLiveObjects: 0.217500 ms CreateObjectMapping: 0.093200 ms MarkObjects: 2.418900 ms  DeleteObjects: 0.219700 ms)

========================================================================
Received Import Request.
  Time since last request: 44.004964 seconds.
  path: Assets/Prefabs/Mobs/IceElemental.prefab
  artifactKey: Guid(41f21bffb398177448b818cef27b48f3) Importer(815301076,1909f56bfc062723c751e8b465ee728b)
Start importing Assets/Prefabs/Mobs/IceElemental.prefab using Guid(41f21bffb398177448b818cef27b48f3) Importer(815301076,1909f56bfc062723c751e8b465ee728b)  -> (artifact id: '8c71e33cb67e402ff756ea044d2c91b8') in 0.116348 seconds
  Import took 0.121174 seconds .

========================================================================
Received Import Request.
  Time since last request: 3.667892 seconds.
  path: Assets/Prefabs/Mobs/IceElemental.prefab
  artifactKey: Guid(41f21bffb398177448b818cef27b48f3) Importer(815301076,1909f56bfc062723c751e8b465ee728b)
Start importing Assets/Prefabs/Mobs/IceElemental.prefab using Guid(41f21bffb398177448b818cef27b48f3) Importer(815301076,1909f56bfc062723c751e8b465ee728b)  -> (artifact id: '7fb593d20f06afac43146b3ef2c603c8') in 0.014789 seconds
  Import took 0.019948 seconds .

========================================================================
Received Import Request.
  Time since last request: 2.108584 seconds.
  path: Assets/Prefabs/Mobs/IceElemental.prefab
  artifactKey: Guid(41f21bffb398177448b818cef27b48f3) Importer(815301076,1909f56bfc062723c751e8b465ee728b)
Start importing Assets/Prefabs/Mobs/IceElemental.prefab using Guid(41f21bffb398177448b818cef27b48f3) Importer(815301076,1909f56bfc062723c751e8b465ee728b)  -> (artifact id: '85807b5d249ac08defba68bb17fb9c69') in 0.018057 seconds
  Import took 0.023650 seconds .

========================================================================
Received Import Request.
  Time since last request: 1.661981 seconds.
  path: Assets/Prefabs/Mobs/IceElemental.prefab
  artifactKey: Guid(41f21bffb398177448b818cef27b48f3) Importer(815301076,1909f56bfc062723c751e8b465ee728b)
Start importing Assets/Prefabs/Mobs/IceElemental.prefab using Guid(41f21bffb398177448b818cef27b48f3) Importer(815301076,1909f56bfc062723c751e8b465ee728b)  -> (artifact id: '985b5c827c572eff0fd18e196809c2e7') in 0.014348 seconds
  Import took 0.018519 seconds .

========================================================================
Received Import Request.
  Time since last request: 2.324499 seconds.
  path: Assets/Prefabs/Mobs/IceElemental.prefab
  artifactKey: Guid(41f21bffb398177448b818cef27b48f3) Importer(815301076,1909f56bfc062723c751e8b465ee728b)
Start importing Assets/Prefabs/Mobs/IceElemental.prefab using Guid(41f21bffb398177448b818cef27b48f3) Importer(815301076,1909f56bfc062723c751e8b465ee728b)  -> (artifact id: '4df711d4631c15847153fb15999937e2') in 0.028749 seconds
  Import took 0.035930 seconds .

========================================================================
Received Import Request.
  Time since last request: 2.775096 seconds.
  path: Assets/Prefabs/Mobs/IceElemental.prefab
  artifactKey: Guid(41f21bffb398177448b818cef27b48f3) Importer(815301076,1909f56bfc062723c751e8b465ee728b)
Start importing Assets/Prefabs/Mobs/IceElemental.prefab using Guid(41f21bffb398177448b818cef27b48f3) Importer(815301076,1909f56bfc062723c751e8b465ee728b)  -> (artifact id: '5b16bc2b1230b0c5c3bdcb468dbedc1a') in 0.017649 seconds
  Import took 0.021880 seconds .

========================================================================
Received Import Request.
  Time since last request: 4.313796 seconds.
  path: Assets/Prefabs/Mobs/IceElemental.prefab
  artifactKey: Guid(41f21bffb398177448b818cef27b48f3) Importer(815301076,1909f56bfc062723c751e8b465ee728b)
Start importing Assets/Prefabs/Mobs/IceElemental.prefab using Guid(41f21bffb398177448b818cef27b48f3) Importer(815301076,1909f56bfc062723c751e8b465ee728b)  -> (artifact id: '3df2fbceb9917e24534caa4056b57836') in 0.018548 seconds
  Import took 0.022688 seconds .

========================================================================
Received Import Request.
  Time since last request: 0.060253 seconds.
  path: Assets/Prefabs/Mobs/IceElemental.prefab
  artifactKey: Guid(41f21bffb398177448b818cef27b48f3) Importer(815301076,1909f56bfc062723c751e8b465ee728b)
Start importing Assets/Prefabs/Mobs/IceElemental.prefab using Guid(41f21bffb398177448b818cef27b48f3) Importer(815301076,1909f56bfc062723c751e8b465ee728b)  -> (artifact id: '3df2fbceb9917e24534caa4056b57836') in 0.019703 seconds
  Import took 0.024540 seconds .

========================================================================
Received Import Request.
  Time since last request: 0.381710 seconds.
  path: Assets/Prefabs/Mobs/IceElemental.prefab
  artifactKey: Guid(41f21bffb398177448b818cef27b48f3) Importer(815301076,1909f56bfc062723c751e8b465ee728b)
Start importing Assets/Prefabs/Mobs/IceElemental.prefab using Guid(41f21bffb398177448b818cef27b48f3) Importer(815301076,1909f56bfc062723c751e8b465ee728b)  -> (artifact id: '9181db8ca74fcde8747728ed8ce6f61f') in 0.018055 seconds
  Import took 0.024388 seconds .

========================================================================
Received Import Request.
  Time since last request: 0.830536 seconds.
  path: Assets/Prefabs/Mobs/IceElemental.prefab
  artifactKey: Guid(41f21bffb398177448b818cef27b48f3) Importer(815301076,1909f56bfc062723c751e8b465ee728b)
Start importing Assets/Prefabs/Mobs/IceElemental.prefab using Guid(41f21bffb398177448b818cef27b48f3) Importer(815301076,1909f56bfc062723c751e8b465ee728b)  -> (artifact id: '4d4440ae7042bce1cd65ad5612f6cf1b') in 0.016963 seconds
  Import took 0.021122 seconds .

========================================================================
Received Import Request.
  Time since last request: 6.248902 seconds.
  path: Assets/Prefabs/Mobs/IceElemental.prefab
  artifactKey: Guid(41f21bffb398177448b818cef27b48f3) Importer(815301076,1909f56bfc062723c751e8b465ee728b)
Start importing Assets/Prefabs/Mobs/IceElemental.prefab using Guid(41f21bffb398177448b818cef27b48f3) Importer(815301076,1909f56bfc062723c751e8b465ee728b)  -> (artifact id: '7c983469fe545fd94749ee56859de8c0') in 0.065676 seconds
  Import took 0.086182 seconds .

========================================================================
Received Import Request.
  Time since last request: 17.641223 seconds.
  path: Assets/Prefabs/Mobs/IceElemental.prefab
  artifactKey: Guid(41f21bffb398177448b818cef27b48f3) Importer(815301076,1909f56bfc062723c751e8b465ee728b)
Start importing Assets/Prefabs/Mobs/IceElemental.prefab using Guid(41f21bffb398177448b818cef27b48f3) Importer(815301076,1909f56bfc062723c751e8b465ee728b)  -> (artifact id: '6e279028e4600b73561ff18028923ab1') in 0.017823 seconds
  Import took 0.023380 seconds .

========================================================================
Received Import Request.
  Time since last request: 3.197824 seconds.
  path: Assets/Prefabs/Mobs/IceElemental.prefab
  artifactKey: Guid(41f21bffb398177448b818cef27b48f3) Importer(815301076,1909f56bfc062723c751e8b465ee728b)
Start importing Assets/Prefabs/Mobs/IceElemental.prefab using Guid(41f21bffb398177448b818cef27b48f3) Importer(815301076,1909f56bfc062723c751e8b465ee728b)  -> (artifact id: '2f12a7539cf1231416e8b2665406de7c') in 0.019580 seconds
  Import took 0.023763 seconds .

========================================================================
Received Import Request.
  Time since last request: 2.811564 seconds.
  path: Assets/Prefabs/Mobs/IceElemental.prefab
  artifactKey: Guid(41f21bffb398177448b818cef27b48f3) Importer(815301076,1909f56bfc062723c751e8b465ee728b)
Start importing Assets/Prefabs/Mobs/IceElemental.prefab using Guid(41f21bffb398177448b818cef27b48f3) Importer(815301076,1909f56bfc062723c751e8b465ee728b)  -> (artifact id: 'dd644ab1c2226972afe8bb15162c689f') in 0.014442 seconds
  Import took 0.019980 seconds .

========================================================================
Received Import Request.
  Time since last request: 1.877362 seconds.
  path: Assets/Prefabs/Mobs/IceElemental.prefab
  artifactKey: Guid(41f21bffb398177448b818cef27b48f3) Importer(815301076,1909f56bfc062723c751e8b465ee728b)
Start importing Assets/Prefabs/Mobs/IceElemental.prefab using Guid(41f21bffb398177448b818cef27b48f3) Importer(815301076,1909f56bfc062723c751e8b465ee728b)  -> (artifact id: 'c34e4fa83a93b48330fcdcd1cc30d57d') in 0.016658 seconds
  Import took 0.021530 seconds .

========================================================================
Received Import Request.
  Time since last request: 4.300130 seconds.
  path: Assets/Prefabs/Mobs/IceElemental.prefab
  artifactKey: Guid(41f21bffb398177448b818cef27b48f3) Importer(815301076,1909f56bfc062723c751e8b465ee728b)
Start importing Assets/Prefabs/Mobs/IceElemental.prefab using Guid(41f21bffb398177448b818cef27b48f3) Importer(815301076,1909f56bfc062723c751e8b465ee728b)  -> (artifact id: '4ce31e11f5029665ed20225dbe0e1503') in 0.018661 seconds
  Import took 0.022837 seconds .

========================================================================
Received Import Request.
  Time since last request: 3.254004 seconds.
  path: Assets/Prefabs/Mobs/IceElemental.prefab
  artifactKey: Guid(41f21bffb398177448b818cef27b48f3) Importer(815301076,1909f56bfc062723c751e8b465ee728b)
Start importing Assets/Prefabs/Mobs/IceElemental.prefab using Guid(41f21bffb398177448b818cef27b48f3) Importer(815301076,1909f56bfc062723c751e8b465ee728b)  -> (artifact id: '310430018c961de6e102a7960e137910') in 0.019422 seconds
  Import took 0.024599 seconds .

========================================================================
Received Import Request.
  Time since last request: 13.035855 seconds.
  path: Assets/Prefabs/Mobs/IceElemental.prefab
  artifactKey: Guid(41f21bffb398177448b818cef27b48f3) Importer(815301076,1909f56bfc062723c751e8b465ee728b)
Start importing Assets/Prefabs/Mobs/IceElemental.prefab using Guid(41f21bffb398177448b818cef27b48f3) Importer(815301076,1909f56bfc062723c751e8b465ee728b)  -> (artifact id: '6e7a5b3edbe76b1d21137b5e9f21e587') in 0.025853 seconds
  Import took 0.037334 seconds .

========================================================================
Received Import Request.
  Time since last request: 4.740062 seconds.
  path: Assets/Prefabs/Mobs/IceElemental.prefab
  artifactKey: Guid(41f21bffb398177448b818cef27b48f3) Importer(815301076,1909f56bfc062723c751e8b465ee728b)
Start importing Assets/Prefabs/Mobs/IceElemental.prefab using Guid(41f21bffb398177448b818cef27b48f3) Importer(815301076,1909f56bfc062723c751e8b465ee728b)  -> (artifact id: '10333c3ca45a99b8efe576363dad5355') in 0.047133 seconds
  Import took 0.060823 seconds .

========================================================================
Received Prepare
Registering precompiled user dll's ...
Registered in 0.001513 seconds.
Begin MonoManager ReloadAssembly
Native extension for WindowsStandalone target not found
Refreshing native plugins compatible for Editor in 0.44 ms, found 1 plugins.
Preloading 0 native plugins for Editor in 0.00 ms.
Invoked RoslynAnalysisRunner static constructor.
RoslynAnalysisRunner will not be running.
RoslynAnalysisRunner has terminated.
Mono: successfully reloaded assembly
- Completed reload, in  1.509 seconds
Platform modules already initialized, skipping
Refreshing native plugins compatible for Editor in 0.63 ms, found 1 plugins.
Preloading 0 native plugins for Editor in 0.00 ms.
Unloading 1832 Unused Serialized files (Serialized files now loaded: 0)
System memory in use before: 89.2 MB.
System memory in use after: 89.2 MB.

Unloading 12 unused Assets to reduce memory usage. Loaded Objects now: 2384.
Total: 2.757800 ms (FindLiveObjects: 0.312500 ms CreateObjectMapping: 0.113600 ms MarkObjects: 2.195500 ms  DeleteObjects: 0.134700 ms)

========================================================================
Received Prepare
Registering precompiled user dll's ...
Registered in 0.002148 seconds.
Begin MonoManager ReloadAssembly
Native extension for WindowsStandalone target not found
Refreshing native plugins compatible for Editor in 0.68 ms, found 1 plugins.
Preloading 0 native plugins for Editor in 0.00 ms.
Invoked RoslynAnalysisRunner static constructor.
RoslynAnalysisRunner will not be running.
RoslynAnalysisRunner has terminated.
Mono: successfully reloaded assembly
- Completed reload, in  1.520 seconds
Platform modules already initialized, skipping
Refreshing native plugins compatible for Editor in 0.74 ms, found 1 plugins.
Preloading 0 native plugins for Editor in 0.00 ms.
Unloading 1832 Unused Serialized files (Serialized files now loaded: 0)
System memory in use before: 89.2 MB.
System memory in use after: 89.2 MB.

Unloading 12 unused Assets to reduce memory usage. Loaded Objects now: 2388.
Total: 3.109700 ms (FindLiveObjects: 0.280900 ms CreateObjectMapping: 0.130300 ms MarkObjects: 2.554400 ms  DeleteObjects: 0.142800 ms)

========================================================================
Received Prepare
Registering precompiled user dll's ...
Registered in 0.001523 seconds.
Begin MonoManager ReloadAssembly
Native extension for WindowsStandalone target not found
Refreshing native plugins compatible for Editor in 0.58 ms, found 1 plugins.
Preloading 0 native plugins for Editor in 0.00 ms.
Invoked RoslynAnalysisRunner static constructor.
RoslynAnalysisRunner will not be running.
RoslynAnalysisRunner has terminated.
Mono: successfully reloaded assembly
- Completed reload, in  1.478 seconds
Platform modules already initialized, skipping
Refreshing native plugins compatible for Editor in 0.45 ms, found 1 plugins.
Preloading 0 native plugins for Editor in 0.00 ms.
Unloading 1832 Unused Serialized files (Serialized files now loaded: 0)
System memory in use before: 89.2 MB.
System memory in use after: 89.2 MB.

Unloading 12 unused Assets to reduce memory usage. Loaded Objects now: 2392.
Total: 2.994500 ms (FindLiveObjects: 0.249600 ms CreateObjectMapping: 0.123300 ms MarkObjects: 2.473500 ms  DeleteObjects: 0.146600 ms)

========================================================================
Received Prepare
Registering precompiled user dll's ...
Registered in 0.001488 seconds.
Begin MonoManager ReloadAssembly
Native extension for WindowsStandalone target not found
Refreshing native plugins compatible for Editor in 0.44 ms, found 1 plugins.
Preloading 0 native plugins for Editor in 0.00 ms.
Invoked RoslynAnalysisRunner static constructor.
RoslynAnalysisRunner will not be running.
RoslynAnalysisRunner has terminated.
Mono: successfully reloaded assembly
- Completed reload, in  1.444 seconds
Platform modules already initialized, skipping
Refreshing native plugins compatible for Editor in 0.49 ms, found 1 plugins.
Preloading 0 native plugins for Editor in 0.00 ms.
Unloading 1832 Unused Serialized files (Serialized files now loaded: 0)
System memory in use before: 89.2 MB.
System memory in use after: 89.2 MB.

Unloading 12 unused Assets to reduce memory usage. Loaded Objects now: 2396.
Total: 3.189200 ms (FindLiveObjects: 0.339600 ms CreateObjectMapping: 0.136600 ms MarkObjects: 2.548600 ms  DeleteObjects: 0.162900 ms)

========================================================================
Received Prepare
Registering precompiled user dll's ...
Registered in 0.002052 seconds.
Begin MonoManager ReloadAssembly
Native extension for WindowsStandalone target not found
Refreshing native plugins compatible for Editor in 0.45 ms, found 1 plugins.
Preloading 0 native plugins for Editor in 0.00 ms.
Invoked RoslynAnalysisRunner static constructor.
RoslynAnalysisRunner will not be running.
RoslynAnalysisRunner has terminated.
Mono: successfully reloaded assembly
- Completed reload, in  1.382 seconds
Platform modules already initialized, skipping
Refreshing native plugins compatible for Editor in 0.48 ms, found 1 plugins.
Preloading 0 native plugins for Editor in 0.00 ms.
Unloading 1832 Unused Serialized files (Serialized files now loaded: 0)
System memory in use before: 89.2 MB.
System memory in use after: 89.2 MB.

Unloading 12 unused Assets to reduce memory usage. Loaded Objects now: 2400.
Total: 2.971500 ms (FindLiveObjects: 0.258100 ms CreateObjectMapping: 0.123300 ms MarkObjects: 2.439000 ms  DeleteObjects: 0.149700 ms)

========================================================================
Received Prepare
Registering precompiled user dll's ...
Registered in 0.001357 seconds.
Begin MonoManager ReloadAssembly
Native extension for WindowsStandalone target not found
Refreshing native plugins compatible for Editor in 0.50 ms, found 1 plugins.
Preloading 0 native plugins for Editor in 0.00 ms.
Invoked RoslynAnalysisRunner static constructor.
RoslynAnalysisRunner will not be running.
RoslynAnalysisRunner has terminated.
Mono: successfully reloaded assembly
- Completed reload, in  1.409 seconds
Platform modules already initialized, skipping
Refreshing native plugins compatible for Editor in 0.45 ms, found 1 plugins.
Preloading 0 native plugins for Editor in 0.00 ms.
Unloading 1832 Unused Serialized files (Serialized files now loaded: 0)
System memory in use before: 89.2 MB.
System memory in use after: 89.2 MB.

Unloading 12 unused Assets to reduce memory usage. Loaded Objects now: 2404.
Total: 2.887800 ms (FindLiveObjects: 0.274700 ms CreateObjectMapping: 0.110600 ms MarkObjects: 2.350500 ms  DeleteObjects: 0.150500 ms)

========================================================================
Received Prepare
Registering precompiled user dll's ...
Registered in 0.002317 seconds.
Begin MonoManager ReloadAssembly
Native extension for WindowsStandalone target not found
Refreshing native plugins compatible for Editor in 0.43 ms, found 1 plugins.
Preloading 0 native plugins for Editor in 0.00 ms.
Invoked RoslynAnalysisRunner static constructor.
RoslynAnalysisRunner will not be running.
RoslynAnalysisRunner has terminated.
Mono: successfully reloaded assembly
- Completed reload, in  1.453 seconds
Platform modules already initialized, skipping
Refreshing native plugins compatible for Editor in 0.76 ms, found 1 plugins.
Preloading 0 native plugins for Editor in 0.00 ms.
Unloading 1832 Unused Serialized files (Serialized files now loaded: 0)
System memory in use before: 89.3 MB.
System memory in use after: 89.2 MB.

Unloading 12 unused Assets to reduce memory usage. Loaded Objects now: 2408.
Total: 2.790600 ms (FindLiveObjects: 0.358500 ms CreateObjectMapping: 0.153100 ms MarkObjects: 2.136200 ms  DeleteObjects: 0.141200 ms)

========================================================================
Received Prepare
Registering precompiled user dll's ...
Registered in 0.001697 seconds.
Begin MonoManager ReloadAssembly
Native extension for WindowsStandalone target not found
Refreshing native plugins compatible for Editor in 0.44 ms, found 1 plugins.
Preloading 0 native plugins for Editor in 0.00 ms.
Invoked RoslynAnalysisRunner static constructor.
RoslynAnalysisRunner will not be running.
RoslynAnalysisRunner has terminated.
Mono: successfully reloaded assembly
- Completed reload, in  1.337 seconds
Platform modules already initialized, skipping
Refreshing native plugins compatible for Editor in 0.49 ms, found 1 plugins.
Preloading 0 native plugins for Editor in 0.00 ms.
Unloading 1832 Unused Serialized files (Serialized files now loaded: 0)
System memory in use before: 89.3 MB.
System memory in use after: 89.2 MB.

Unloading 12 unused Assets to reduce memory usage. Loaded Objects now: 2412.
Total: 2.703200 ms (FindLiveObjects: 0.250100 ms CreateObjectMapping: 0.097400 ms MarkObjects: 2.204800 ms  DeleteObjects: 0.149100 ms)

========================================================================
Received Prepare
Registering precompiled user dll's ...
Registered in 0.001528 seconds.
Begin MonoManager ReloadAssembly
Native extension for WindowsStandalone target not found
Refreshing native plugins compatible for Editor in 0.61 ms, found 1 plugins.
Preloading 0 native plugins for Editor in 0.00 ms.
Invoked RoslynAnalysisRunner static constructor.
RoslynAnalysisRunner will not be running.
RoslynAnalysisRunner has terminated.
Mono: successfully reloaded assembly
- Completed reload, in  1.443 seconds
Platform modules already initialized, skipping
Refreshing native plugins compatible for Editor in 0.42 ms, found 1 plugins.
Preloading 0 native plugins for Editor in 0.00 ms.
Unloading 1832 Unused Serialized files (Serialized files now loaded: 0)
System memory in use before: 89.3 MB.
System memory in use after: 89.2 MB.

Unloading 12 unused Assets to reduce memory usage. Loaded Objects now: 2416.
Total: 3.173100 ms (FindLiveObjects: 0.304600 ms CreateObjectMapping: 0.081500 ms MarkObjects: 2.572800 ms  DeleteObjects: 0.213000 ms)

========================================================================
Received Prepare
Registering precompiled user dll's ...
Registered in 0.001415 seconds.
Begin MonoManager ReloadAssembly
Native extension for WindowsStandalone target not found
Refreshing native plugins compatible for Editor in 0.44 ms, found 1 plugins.
Preloading 0 native plugins for Editor in 0.00 ms.
Invoked RoslynAnalysisRunner static constructor.
RoslynAnalysisRunner will not be running.
RoslynAnalysisRunner has terminated.
Mono: successfully reloaded assembly
- Completed reload, in  1.368 seconds
Platform modules already initialized, skipping
Refreshing native plugins compatible for Editor in 0.47 ms, found 1 plugins.
Preloading 0 native plugins for Editor in 0.00 ms.
Unloading 1832 Unused Serialized files (Serialized files now loaded: 0)
System memory in use before: 89.3 MB.
System memory in use after: 89.3 MB.

Unloading 12 unused Assets to reduce memory usage. Loaded Objects now: 2420.
Total: 2.887100 ms (FindLiveObjects: 0.408100 ms CreateObjectMapping: 0.112100 ms MarkObjects: 2.219400 ms  DeleteObjects: 0.145300 ms)

========================================================================
Received Prepare
Registering precompiled user dll's ...
Registered in 0.001997 seconds.
Begin MonoManager ReloadAssembly
Native extension for WindowsStandalone target not found
Refreshing native plugins compatible for Editor in 0.44 ms, found 1 plugins.
Preloading 0 native plugins for Editor in 0.00 ms.
Invoked RoslynAnalysisRunner static constructor.
RoslynAnalysisRunner will not be running.
RoslynAnalysisRunner has terminated.
Mono: successfully reloaded assembly
- Completed reload, in  1.339 seconds
Platform modules already initialized, skipping
Refreshing native plugins compatible for Editor in 0.49 ms, found 1 plugins.
Preloading 0 native plugins for Editor in 0.00 ms.
Unloading 1832 Unused Serialized files (Serialized files now loaded: 0)
System memory in use before: 89.3 MB.
System memory in use after: 89.3 MB.

Unloading 12 unused Assets to reduce memory usage. Loaded Objects now: 2424.
Total: 3.580100 ms (FindLiveObjects: 0.366000 ms CreateObjectMapping: 0.136000 ms MarkObjects: 2.916400 ms  DeleteObjects: 0.159700 ms)

========================================================================
Received Prepare
Registering precompiled user dll's ...
Registered in 0.001423 seconds.
Begin MonoManager ReloadAssembly
Native extension for WindowsStandalone target not found
Refreshing native plugins compatible for Editor in 0.44 ms, found 1 plugins.
Preloading 0 native plugins for Editor in 0.00 ms.
Invoked RoslynAnalysisRunner static constructor.
RoslynAnalysisRunner will not be running.
RoslynAnalysisRunner has terminated.
Mono: successfully reloaded assembly
- Completed reload, in  1.476 seconds
Platform modules already initialized, skipping
Refreshing native plugins compatible for Editor in 0.48 ms, found 1 plugins.
Preloading 0 native plugins for Editor in 0.00 ms.
Unloading 1832 Unused Serialized files (Serialized files now loaded: 0)
System memory in use before: 89.3 MB.
System memory in use after: 89.3 MB.

Unloading 12 unused Assets to reduce memory usage. Loaded Objects now: 2428.
Total: 3.228600 ms (FindLiveObjects: 0.594000 ms CreateObjectMapping: 0.107000 ms MarkObjects: 2.379200 ms  DeleteObjects: 0.146300 ms)

========================================================================
Received Import Request.
  Time since last request: 559.598971 seconds.
  path: Assets/Prefabs/Mobs/Kemal.prefab
  artifactKey: Guid(f7d28a081b127524c9b30619b240fca2) Importer(815301076,1909f56bfc062723c751e8b465ee728b)
Start importing Assets/Prefabs/Mobs/Kemal.prefab using Guid(f7d28a081b127524c9b30619b240fca2) Importer(815301076,1909f56bfc062723c751e8b465ee728b)  -> (artifact id: 'e2111e9cd16a0564c7fb3ba2e98460e3') in 0.102918 seconds
  Import took 0.107971 seconds .

========================================================================
Received Prepare
Registering precompiled user dll's ...
Registered in 0.004511 seconds.
Begin MonoManager ReloadAssembly
Native extension for WindowsStandalone target not found
Refreshing native plugins compatible for Editor in 0.71 ms, found 1 plugins.
Preloading 0 native plugins for Editor in 0.00 ms.
Invoked RoslynAnalysisRunner static constructor.
RoslynAnalysisRunner will not be running.
RoslynAnalysisRunner has terminated.
Mono: successfully reloaded assembly
- Completed reload, in  1.482 seconds
Platform modules already initialized, skipping
Refreshing native plugins compatible for Editor in 0.67 ms, found 1 plugins.
Preloading 0 native plugins for Editor in 0.00 ms.
Unloading 1832 Unused Serialized files (Serialized files now loaded: 0)
System memory in use before: 89.3 MB.
System memory in use after: 89.3 MB.

Unloading 12 unused Assets to reduce memory usage. Loaded Objects now: 2433.
Total: 4.580300 ms (FindLiveObjects: 0.267100 ms CreateObjectMapping: 0.109500 ms MarkObjects: 3.984100 ms  DeleteObjects: 0.217100 ms)

========================================================================
Received Prepare
Registering precompiled user dll's ...
Registered in 0.001397 seconds.
Begin MonoManager ReloadAssembly
Native extension for WindowsStandalone target not found
Refreshing native plugins compatible for Editor in 0.43 ms, found 1 plugins.
Preloading 0 native plugins for Editor in 0.00 ms.
Invoked RoslynAnalysisRunner static constructor.
RoslynAnalysisRunner will not be running.
RoslynAnalysisRunner has terminated.
Mono: successfully reloaded assembly
- Completed reload, in  1.396 seconds
Platform modules already initialized, skipping
Refreshing native plugins compatible for Editor in 0.43 ms, found 1 plugins.
Preloading 0 native plugins for Editor in 0.00 ms.
Unloading 1832 Unused Serialized files (Serialized files now loaded: 0)
System memory in use before: 89.3 MB.
System memory in use after: 89.3 MB.

Unloading 12 unused Assets to reduce memory usage. Loaded Objects now: 2437.
Total: 3.171800 ms (FindLiveObjects: 0.369400 ms CreateObjectMapping: 0.145000 ms MarkObjects: 2.510800 ms  DeleteObjects: 0.145200 ms)

========================================================================
Received Prepare
Registering precompiled user dll's ...
Registered in 0.001480 seconds.
Begin MonoManager ReloadAssembly
Native extension for WindowsStandalone target not found
Refreshing native plugins compatible for Editor in 0.69 ms, found 1 plugins.
Preloading 0 native plugins for Editor in 0.00 ms.
Invoked RoslynAnalysisRunner static constructor.
RoslynAnalysisRunner will not be running.
RoslynAnalysisRunner has terminated.
Mono: successfully reloaded assembly
- Completed reload, in  1.398 seconds
Platform modules already initialized, skipping
Refreshing native plugins compatible for Editor in 0.45 ms, found 1 plugins.
Preloading 0 native plugins for Editor in 0.00 ms.
Unloading 1832 Unused Serialized files (Serialized files now loaded: 0)
System memory in use before: 89.3 MB.
System memory in use after: 89.3 MB.

Unloading 12 unused Assets to reduce memory usage. Loaded Objects now: 2441.
Total: 2.955100 ms (FindLiveObjects: 0.254000 ms CreateObjectMapping: 0.103300 ms MarkObjects: 2.450200 ms  DeleteObjects: 0.146200 ms)

AssetImportWorkerClient::OnTransportError - code=2 error=End of file
